[2022-06-03 09:49:29] local.ERROR: Maximum execution time of 120 seconds exceeded {"exception":"[object] (Symfony\\Component\\ErrorHandler\\Error\\FatalError(code: 0): Maximum execution time of 120 seconds exceeded at C:\\wamp\\www\\vendor\\doctrine\\dbal\\lib\\Doctrine\\DBAL\\Driver\\PDOStatement.php:115)
[stacktrace]
#0 C:\\wamp\\www\\vendor\\laravel\\framework\\src\\Illuminate\\Foundation\\Bootstrap\\HandleExceptions.php(143): Symfony\\Component\\ErrorHandler\\Error\\FatalError->__construct(''Maximum execut...', '0', '['type' => 1, '...', '0', '???', '???')
#1 C:\\wamp\\www\\vendor\\laravel\\framework\\src\\Illuminate\\Foundation\\Bootstrap\\HandleExceptions.php(130): Illuminate\\Foundation\\Bootstrap\\HandleExceptions->fatalErrorFromPhpError('['type' => 1, '...', '0')
#2 C:\\wamp\\www\\vendor\\laravel\\framework\\src\\Illuminate\\Foundation\\Bootstrap\\HandleExceptions.php(0): Illuminate\\Foundation\\Bootstrap\\HandleExceptions->handleShutdown()
#3 C:\\wamp\\www\\vendor\\laravel\\framework\\src\\Illuminate\\Database\\Connection.php(471): Doctrine\\DBAL\\Driver\\PDO\\Statement->execute('???')
#4 C:\\wamp\\www\\vendor\\laravel\\framework\\src\\Illuminate\\Database\\Connection.php(671): Illuminate\\Database\\MySqlConnection->Illuminate\\Database\\{closure:C:\\wamp\\www\\vendor\\laravel\\framework\\src\\Illuminate\\Database\\Connection.php:460-472}(''insert into `v...', '[0 => 21.99, 1 ...')
#5 C:\\wamp\\www\\vendor\\laravel\\framework\\src\\Illuminate\\Database\\Connection.php(638): Illuminate\\Database\\MySqlConnection->runQueryCallback(''insert into `v...', '[0 => 21.99, 1 ...', 'class Closure {...')
#6 C:\\wamp\\www\\vendor\\laravel\\framework\\src\\Illuminate\\Database\\Connection.php(472): Illuminate\\Database\\MySqlConnection->run(''insert into `v...', '[0 => 21.99, 1 ...', 'class Closure {...')
#7 C:\\wamp\\www\\vendor\\laravel\\framework\\src\\Illuminate\\Database\\Connection.php(424): Illuminate\\Database\\MySqlConnection->statement(''insert into `v...', '[0 => 21.99, 1 ...')
#8 C:\\wamp\\www\\vendor\\laravel\\framework\\src\\Illuminate\\Database\\Query\\Processors\\Processor.php(32): Illuminate\\Database\\MySqlConnection->insert(''insert into `v...', '[0 => 21.99, 1 ...')
#9 C:\\wamp\\www\\vendor\\laravel\\framework\\src\\Illuminate\\Database\\Query\\Builder.php(2882): Illuminate\\Database\\Query\\Processors\\MySqlProcessor->processInsertGetId('class Illuminat...', ''insert into `v...', '[0 => 21.99, 1 ...', 'NULL')
#10 C:\\wamp\\www\\database\\seeders\\RestorantsTableSeeder.php(474): Illuminate\\Database\\Query\\Builder->insertGetId('['price' => 21....', '???')
#11 C:\\wamp\\www\\vendor\\laravel\\framework\\src\\Illuminate\\Container\\BoundMethod.php(36): Database\\Seeders\\RestorantsTableSeeder->run()
#12 C:\\wamp\\www\\vendor\\laravel\\framework\\src\\Illuminate\\Container\\Util.php(40): Illuminate\\Container\\BoundMethod::Illuminate\\Container\\{closure:C:\\wamp\\www\\vendor\\laravel\\framework\\src\\Illuminate\\Container\\BoundMethod.php:35-37}()
#13 C:\\wamp\\www\\vendor\\laravel\\framework\\src\\Illuminate\\Container\\BoundMethod.php(93): Illuminate\\Container\\Util::unwrapIfClosure('class Closure {...')
#14 C:\\wamp\\www\\vendor\\laravel\\framework\\src\\Illuminate\\Container\\BoundMethod.php(37): Illuminate\\Container\\BoundMethod::callBoundMethod('class Illuminat...', '[0 => class Dat...', 'class Closure {...')
#15 C:\\wamp\\www\\vendor\\laravel\\framework\\src\\Illuminate\\Container\\Container.php(610): Illuminate\\Container\\BoundMethod::call('class Illuminat...', '[0 => class Dat...', '[]', 'NULL')
#16 C:\\wamp\\www\\vendor\\laravel\\framework\\src\\Illuminate\\Database\\Seeder.php(149): Illuminate\\Foundation\\Application->call('[0 => class Dat...', '[]', '???')
#17 C:\\wamp\\www\\vendor\\laravel\\framework\\src\\Illuminate\\Database\\Seeder.php(49): Database\\Seeders\\RestorantsTableSeeder->__invoke('[]')
#18 C:\\wamp\\www\\database\\seeders\\DemoSeeder.php(40): Database\\Seeders\\DemoSeeder->call(''Database\\\\\\\\Seed...', '???', '???')
#19 C:\\wamp\\www\\vendor\\laravel\\framework\\src\\Illuminate\\Container\\BoundMethod.php(36): Database\\Seeders\\DemoSeeder->run()
#20 C:\\wamp\\www\\vendor\\laravel\\framework\\src\\Illuminate\\Container\\Util.php(40): Illuminate\\Container\\BoundMethod::Illuminate\\Container\\{closure:C:\\wamp\\www\\vendor\\laravel\\framework\\src\\Illuminate\\Container\\BoundMethod.php:35-37}()
#21 C:\\wamp\\www\\vendor\\laravel\\framework\\src\\Illuminate\\Container\\BoundMethod.php(93): Illuminate\\Container\\Util::unwrapIfClosure('class Closure {...')
#22 C:\\wamp\\www\\vendor\\laravel\\framework\\src\\Illuminate\\Container\\BoundMethod.php(37): Illuminate\\Container\\BoundMethod::callBoundMethod('class Illuminat...', '[0 => class Dat...', 'class Closure {...')
#23 C:\\wamp\\www\\vendor\\laravel\\framework\\src\\Illuminate\\Container\\Container.php(610): Illuminate\\Container\\BoundMethod::call('class Illuminat...', '[0 => class Dat...', '[]', 'NULL')
#24 C:\\wamp\\www\\vendor\\laravel\\framework\\src\\Illuminate\\Database\\Seeder.php(149): Illuminate\\Foundation\\Application->call('[0 => class Dat...', '[]', '???')
#25 C:\\wamp\\www\\vendor\\laravel\\framework\\src\\Illuminate\\Database\\Seeder.php(49): Database\\Seeders\\DemoSeeder->__invoke('[]')
#26 C:\\wamp\\www\\database\\seeders\\DatabaseSeeder.php(27): Database\\Seeders\\DatabaseSeeder->call(''Database\\\\\\\\Seed...', '???', '???')
#27 C:\\wamp\\www\\vendor\\laravel\\framework\\src\\Illuminate\\Container\\BoundMethod.php(36): Database\\Seeders\\DatabaseSeeder->run()
#28 C:\\wamp\\www\\vendor\\laravel\\framework\\src\\Illuminate\\Container\\Util.php(40): Illuminate\\Container\\BoundMethod::Illuminate\\Container\\{closure:C:\\wamp\\www\\vendor\\laravel\\framework\\src\\Illuminate\\Container\\BoundMethod.php:35-37}()
#29 C:\\wamp\\www\\vendor\\laravel\\framework\\src\\Illuminate\\Container\\BoundMethod.php(93): Illuminate\\Container\\Util::unwrapIfClosure('class Closure {...')
#30 C:\\wamp\\www\\vendor\\laravel\\framework\\src\\Illuminate\\Container\\BoundMethod.php(37): Illuminate\\Container\\BoundMethod::callBoundMethod('class Illuminat...', '[0 => class Dat...', 'class Closure {...')
#31 C:\\wamp\\www\\vendor\\laravel\\framework\\src\\Illuminate\\Container\\Container.php(610): Illuminate\\Container\\BoundMethod::call('class Illuminat...', '[0 => class Dat...', '[]', 'NULL')
#32 C:\\wamp\\www\\vendor\\laravel\\framework\\src\\Illuminate\\Database\\Seeder.php(149): Illuminate\\Foundation\\Application->call('[0 => class Dat...', '[]', '???')
#33 C:\\wamp\\www\\vendor\\laravel\\framework\\src\\Illuminate\\Database\\Console\\Seeds\\SeedCommand.php(65): Database\\Seeders\\DatabaseSeeder->__invoke('???')
#34 C:\\wamp\\www\\vendor\\laravel\\framework\\src\\Illuminate\\Database\\Eloquent\\Concerns\\GuardsAttributes.php(157): Illuminate\\Database\\Console\\Seeds\\SeedCommand->Illuminate\\Database\\Console\\Seeds\\{closure:C:\\wamp\\www\\vendor\\laravel\\framework\\src\\Illuminate\\Database\\Console\\Seeds\\SeedCommand.php:64-66}()
#35 C:\\wamp\\www\\vendor\\laravel\\framework\\src\\Illuminate\\Database\\Console\\Seeds\\SeedCommand.php(66): Illuminate\\Database\\Eloquent\\Model::unguarded('class Closure {...')
#36 C:\\wamp\\www\\vendor\\laravel\\framework\\src\\Illuminate\\Container\\BoundMethod.php(36): Illuminate\\Database\\Console\\Seeds\\SeedCommand->handle()
#37 C:\\wamp\\www\\vendor\\laravel\\framework\\src\\Illuminate\\Container\\Util.php(40): Illuminate\\Container\\BoundMethod::Illuminate\\Container\\{closure:C:\\wamp\\www\\vendor\\laravel\\framework\\src\\Illuminate\\Container\\BoundMethod.php:35-37}()
#38 C:\\wamp\\www\\vendor\\laravel\\framework\\src\\Illuminate\\Container\\BoundMethod.php(93): Illuminate\\Container\\Util::unwrapIfClosure('class Closure {...')
#39 C:\\wamp\\www\\vendor\\laravel\\framework\\src\\Illuminate\\Container\\BoundMethod.php(37): Illuminate\\Container\\BoundMethod::callBoundMethod('class Illuminat...', '[0 => class Ill...', 'class Closure {...')
#40 C:\\wamp\\www\\vendor\\laravel\\framework\\src\\Illuminate\\Container\\Container.php(610): Illuminate\\Container\\BoundMethod::call('class Illuminat...', '[0 => class Ill...', '[]', 'NULL')
#41 C:\\wamp\\www\\vendor\\laravel\\framework\\src\\Illuminate\\Console\\Command.php(136): Illuminate\\Foundation\\Application->call('[0 => class Ill...', '???', '???')
#42 C:\\wamp\\www\\vendor\\symfony\\console\\Command\\Command.php(256): Illuminate\\Database\\Console\\Seeds\\SeedCommand->execute('class Symfony\\\\C...', 'class Illuminat...')
#43 C:\\wamp\\www\\vendor\\laravel\\framework\\src\\Illuminate\\Console\\Command.php(121): Illuminate\\Database\\Console\\Seeds\\SeedCommand->run('class Symfony\\\\C...', 'class Illuminat...')
#44 C:\\wamp\\www\\vendor\\laravel\\framework\\src\\Illuminate\\Console\\Concerns\\CallsCommands.php(68): Illuminate\\Database\\Console\\Seeds\\SeedCommand->run('class Symfony\\\\C...', 'class Illuminat...')
#45 C:\\wamp\\www\\vendor\\laravel\\framework\\src\\Illuminate\\Console\\Concerns\\CallsCommands.php(28): Illuminate\\Database\\Console\\Migrations\\MigrateCommand->runCommand(''db:seed'', '['--force' => T...', 'class Illuminat...')
#46 C:\\wamp\\www\\vendor\\laravel\\framework\\src\\Illuminate\\Database\\Console\\Migrations\\MigrateCommand.php(92): Illuminate\\Database\\Console\\Migrations\\MigrateCommand->call(''db:seed'', '['--force' => T...')
#47 C:\\wamp\\www\\vendor\\laravel\\framework\\src\\Illuminate\\Database\\Migrations\\Migrator.php(541): Illuminate\\Database\\Console\\Migrations\\MigrateCommand->Illuminate\\Database\\Console\\Migrations\\{closure:C:\\wamp\\www\\vendor\\laravel\\framework\\src\\Illuminate\\Database\\Console\\Migrations\\MigrateCommand.php:76-94}()
#48 C:\\wamp\\www\\vendor\\laravel\\framework\\src\\Illuminate\\Database\\Console\\Migrations\\MigrateCommand.php(94): Illuminate\\Database\\Migrations\\Migrator->usingConnection('NULL', 'class Closure {...')
#49 C:\\wamp\\www\\vendor\\laravel\\framework\\src\\Illuminate\\Container\\BoundMethod.php(36): Illuminate\\Database\\Console\\Migrations\\MigrateCommand->handle()
#50 C:\\wamp\\www\\vendor\\laravel\\framework\\src\\Illuminate\\Container\\Util.php(40): Illuminate\\Container\\BoundMethod::Illuminate\\Container\\{closure:C:\\wamp\\www\\vendor\\laravel\\framework\\src\\Illuminate\\Container\\BoundMethod.php:35-37}()
#51 C:\\wamp\\www\\vendor\\laravel\\framework\\src\\Illuminate\\Container\\BoundMethod.php(93): Illuminate\\Container\\Util::unwrapIfClosure('class Closure {...')
#52 C:\\wamp\\www\\vendor\\laravel\\framework\\src\\Illuminate\\Container\\BoundMethod.php(37): Illuminate\\Container\\BoundMethod::callBoundMethod('class Illuminat...', '[0 => class Ill...', 'class Closure {...')
#53 C:\\wamp\\www\\vendor\\laravel\\framework\\src\\Illuminate\\Container\\Container.php(610): Illuminate\\Container\\BoundMethod::call('class Illuminat...', '[0 => class Ill...', '[]', 'NULL')
#54 C:\\wamp\\www\\vendor\\laravel\\framework\\src\\Illuminate\\Console\\Command.php(136): Illuminate\\Foundation\\Application->call('[0 => class Ill...', '???', '???')
#55 C:\\wamp\\www\\vendor\\symfony\\console\\Command\\Command.php(256): Illuminate\\Database\\Console\\Migrations\\MigrateCommand->execute('class Symfony\\\\C...', 'class Illuminat...')
#56 C:\\wamp\\www\\vendor\\laravel\\framework\\src\\Illuminate\\Console\\Command.php(121): Illuminate\\Database\\Console\\Migrations\\MigrateCommand->run('class Symfony\\\\C...', 'class Illuminat...')
#57 C:\\wamp\\www\\vendor\\symfony\\console\\Application.php(971): Illuminate\\Database\\Console\\Migrations\\MigrateCommand->run('class Symfony\\\\C...', 'class Symfony\\\\C...')
#58 C:\\wamp\\www\\vendor\\symfony\\console\\Application.php(290): Illuminate\\Console\\Application->doRunCommand('class Illuminat...', 'class Symfony\\\\C...', 'class Symfony\\\\C...')
#59 C:\\wamp\\www\\vendor\\symfony\\console\\Application.php(166): Illuminate\\Console\\Application->doRun('class Symfony\\\\C...', 'class Symfony\\\\C...')
#60 C:\\wamp\\www\\vendor\\laravel\\framework\\src\\Illuminate\\Console\\Application.php(93): Illuminate\\Console\\Application->run('class Symfony\\\\C...', 'class Symfony\\\\C...')
#61 C:\\wamp\\www\\vendor\\laravel\\framework\\src\\Illuminate\\Console\\Application.php(185): Illuminate\\Console\\Application->run('class Symfony\\\\C...', 'class Symfony\\\\C...')
#62 C:\\wamp\\www\\vendor\\laravel\\framework\\src\\Illuminate\\Foundation\\Console\\Kernel.php(263): Illuminate\\Console\\Application->call(''migrate'', '['--seed' => TR...', 'NULL')
#63 C:\\wamp\\www\\vendor\\laravel\\framework\\src\\Illuminate\\Support\\Facades\\Facade.php(261): App\\Console\\Kernel->call(''migrate'', '['--seed' => TR...', '???')
#64 C:\\wamp\\www\\vendor\\mobidonia\\laravel-dashboard-installer\\src\\Controllers\\InstallDatabaseController.php(109): Illuminate\\Support\\Facades\\Facade::__callStatic(''call'', '[0 => 'migrate'...')
#65 C:\\wamp\\www\\vendor\\mobidonia\\laravel-dashboard-installer\\src\\Controllers\\InstallDatabaseController.php(109): Illuminate\\Support\\Facades\\Facade::call(''migrate'', '['--seed' => TR...')
#66 C:\\wamp\\www\\vendor\\laravel\\framework\\src\\Illuminate\\Routing\\Controller.php(54): dacoto\\LaravelInstaller\\Controllers\\InstallDatabaseController->runMigrations()
#67 C:\\wamp\\www\\vendor\\laravel\\framework\\src\\Illuminate\\Routing\\ControllerDispatcher.php(45): dacoto\\LaravelInstaller\\Controllers\\InstallDatabaseController->callAction(''runMigrations'', '[]')
#68 C:\\wamp\\www\\vendor\\laravel\\framework\\src\\Illuminate\\Routing\\Route.php(254): Illuminate\\Routing\\ControllerDispatcher->dispatch('class Illuminat...', 'class dacoto\\\\La...', ''runMigrations'')
#69 C:\\wamp\\www\\vendor\\laravel\\framework\\src\\Illuminate\\Routing\\Route.php(197): Illuminate\\Routing\\Route->runController()
#70 C:\\wamp\\www\\vendor\\laravel\\framework\\src\\Illuminate\\Routing\\Router.php(693): Illuminate\\Routing\\Route->run()
#71 C:\\wamp\\www\\vendor\\laravel\\framework\\src\\Illuminate\\Pipeline\\Pipeline.php(128): Illuminate\\Routing\\Router->Illuminate\\Routing\\{closure:C:\\wamp\\www\\vendor\\laravel\\framework\\src\\Illuminate\\Routing\\Router.php:691-695}('class Illuminat...')
#72 C:\\wamp\\www\\vendor\\mobidonia\\laravel-dashboard-installer\\src\\Middleware\\InstallerMiddleware.php(23): Illuminate\\Routing\\Pipeline->Illuminate\\Pipeline\\{closure:C:\\wamp\\www\\vendor\\laravel\\framework\\src\\Illuminate\\Pipeline\\Pipeline.php:126-132}('class Illuminat...')
#73 C:\\wamp\\www\\vendor\\laravel\\framework\\src\\Illuminate\\Pipeline\\Pipeline.php(167): dacoto\\LaravelInstaller\\Middleware\\InstallerMiddleware->handle('class Illuminat...', 'class Closure {...')
#74 C:\\wamp\\www\\vendor\\laravel\\framework\\src\\Illuminate\\Routing\\Middleware\\SubstituteBindings.php(50): Illuminate\\Routing\\Pipeline->Illuminate\\Pipeline\\{closure:C:\\wamp\\www\\vendor\\laravel\\framework\\src\\Illuminate\\Pipeline\\Pipeline.php:143-174}('class Illuminat...')
#75 C:\\wamp\\www\\vendor\\laravel\\framework\\src\\Illuminate\\Pipeline\\Pipeline.php(167): Illuminate\\Routing\\Middleware\\SubstituteBindings->handle('class Illuminat...', 'class Closure {...')
#76 C:\\wamp\\www\\vendor\\laravel\\framework\\src\\Illuminate\\Foundation\\Http\\Middleware\\VerifyCsrfToken.php(78): Illuminate\\Routing\\Pipeline->Illuminate\\Pipeline\\{closure:C:\\wamp\\www\\vendor\\laravel\\framework\\src\\Illuminate\\Pipeline\\Pipeline.php:143-174}('class Illuminat...')
#77 C:\\wamp\\www\\vendor\\laravel\\framework\\src\\Illuminate\\Pipeline\\Pipeline.php(167): App\\Http\\Middleware\\VerifyCsrfToken->handle('class Illuminat...', 'class Closure {...')
#78 C:\\wamp\\www\\vendor\\laravel\\framework\\src\\Illuminate\\View\\Middleware\\ShareErrorsFromSession.php(49): Illuminate\\Routing\\Pipeline->Illuminate\\Pipeline\\{closure:C:\\wamp\\www\\vendor\\laravel\\framework\\src\\Illuminate\\Pipeline\\Pipeline.php:143-174}('class Illuminat...')
#79 C:\\wamp\\www\\vendor\\laravel\\framework\\src\\Illuminate\\Pipeline\\Pipeline.php(167): Illuminate\\View\\Middleware\\ShareErrorsFromSession->handle('class Illuminat...', 'class Closure {...')
#80 C:\\wamp\\www\\app\\Http\\Middleware\\Language.php(31): Illuminate\\Routing\\Pipeline->Illuminate\\Pipeline\\{closure:C:\\wamp\\www\\vendor\\laravel\\framework\\src\\Illuminate\\Pipeline\\Pipeline.php:143-174}('class Illuminat...')
#81 C:\\wamp\\www\\vendor\\laravel\\framework\\src\\Illuminate\\Pipeline\\Pipeline.php(167): App\\Http\\Middleware\\Language->handle('class Illuminat...', 'class Closure {...')
#82 C:\\wamp\\www\\vendor\\laravel\\framework\\src\\Illuminate\\Session\\Middleware\\StartSession.php(121): Illuminate\\Routing\\Pipeline->Illuminate\\Pipeline\\{closure:C:\\wamp\\www\\vendor\\laravel\\framework\\src\\Illuminate\\Pipeline\\Pipeline.php:143-174}('class Illuminat...')
#83 C:\\wamp\\www\\vendor\\laravel\\framework\\src\\Illuminate\\Session\\Middleware\\StartSession.php(63): Illuminate\\Session\\Middleware\\StartSession->handleStatefulRequest('class Illuminat...', 'class Illuminat...', 'class Closure {...')
#84 C:\\wamp\\www\\vendor\\laravel\\framework\\src\\Illuminate\\Pipeline\\Pipeline.php(167): Illuminate\\Session\\Middleware\\StartSession->handle('class Illuminat...', 'class Closure {...')
#85 C:\\wamp\\www\\vendor\\laravel\\framework\\src\\Illuminate\\Cookie\\Middleware\\AddQueuedCookiesToResponse.php(37): Illuminate\\Routing\\Pipeline->Illuminate\\Pipeline\\{closure:C:\\wamp\\www\\vendor\\laravel\\framework\\src\\Illuminate\\Pipeline\\Pipeline.php:143-174}('class Illuminat...')
#86 C:\\wamp\\www\\vendor\\laravel\\framework\\src\\Illuminate\\Pipeline\\Pipeline.php(167): Illuminate\\Cookie\\Middleware\\AddQueuedCookiesToResponse->handle('class Illuminat...', 'class Closure {...')
#87 C:\\wamp\\www\\vendor\\laravel\\framework\\src\\Illuminate\\Cookie\\Middleware\\EncryptCookies.php(67): Illuminate\\Routing\\Pipeline->Illuminate\\Pipeline\\{closure:C:\\wamp\\www\\vendor\\laravel\\framework\\src\\Illuminate\\Pipeline\\Pipeline.php:143-174}('class Illuminat...')
#88 C:\\wamp\\www\\vendor\\laravel\\framework\\src\\Illuminate\\Pipeline\\Pipeline.php(167): App\\Http\\Middleware\\EncryptCookies->handle('class Illuminat...', 'class Closure {...')
#89 C:\\wamp\\www\\vendor\\mobidonia\\laravel-dashboard-installer\\src\\Middleware\\ToInstallMiddleware.php(23): Illuminate\\Routing\\Pipeline->Illuminate\\Pipeline\\{closure:C:\\wamp\\www\\vendor\\laravel\\framework\\src\\Illuminate\\Pipeline\\Pipeline.php:143-174}('class Illuminat...')
#90 C:\\wamp\\www\\vendor\\laravel\\framework\\src\\Illuminate\\Pipeline\\Pipeline.php(167): dacoto\\LaravelInstaller\\Middleware\\ToInstallMiddleware->handle('class Illuminat...', 'class Closure {...')
#91 C:\\wamp\\www\\vendor\\laravel\\framework\\src\\Illuminate\\Pipeline\\Pipeline.php(103): Illuminate\\Routing\\Pipeline->Illuminate\\Pipeline\\{closure:C:\\wamp\\www\\vendor\\laravel\\framework\\src\\Illuminate\\Pipeline\\Pipeline.php:143-174}('class Illuminat...')
#92 C:\\wamp\\www\\vendor\\laravel\\framework\\src\\Illuminate\\Routing\\Router.php(695): Illuminate\\Routing\\Pipeline->then('class Closure {...')
#93 C:\\wamp\\www\\vendor\\laravel\\framework\\src\\Illuminate\\Routing\\Router.php(670): Illuminate\\Routing\\Router->runRouteWithinStack('class Illuminat...', 'class Illuminat...')
#94 C:\\wamp\\www\\vendor\\laravel\\framework\\src\\Illuminate\\Routing\\Router.php(636): Illuminate\\Routing\\Router->runRoute('class Illuminat...', 'class Illuminat...')
#95 C:\\wamp\\www\\vendor\\laravel\\framework\\src\\Illuminate\\Routing\\Router.php(625): Illuminate\\Routing\\Router->dispatchToRoute('class Illuminat...')
#96 C:\\wamp\\www\\vendor\\laravel\\framework\\src\\Illuminate\\Foundation\\Http\\Kernel.php(166): Illuminate\\Routing\\Router->dispatch('class Illuminat...')
#97 C:\\wamp\\www\\vendor\\laravel\\framework\\src\\Illuminate\\Pipeline\\Pipeline.php(128): App\\Http\\Kernel->Illuminate\\Foundation\\Http\\{closure:C:\\wamp\\www\\vendor\\laravel\\framework\\src\\Illuminate\\Foundation\\Http\\Kernel.php:163-167}('class Illuminat...')
#98 C:\\wamp\\www\\vendor\\barryvdh\\laravel-debugbar\\src\\Middleware\\InjectDebugbar.php(67): Illuminate\\Routing\\Pipeline->Illuminate\\Pipeline\\{closure:C:\\wamp\\www\\vendor\\laravel\\framework\\src\\Illuminate\\Pipeline\\Pipeline.php:126-132}('class Illuminat...')
#99 C:\\wamp\\www\\vendor\\laravel\\framework\\src\\Illuminate\\Pipeline\\Pipeline.php(167): Barryvdh\\Debugbar\\Middleware\\InjectDebugbar->handle('class Illuminat...', 'class Closure {...')
#100 C:\\wamp\\www\\vendor\\laravel\\framework\\src\\Illuminate\\Foundation\\Http\\Middleware\\TransformsRequest.php(21): Illuminate\\Routing\\Pipeline->Illuminate\\Pipeline\\{closure:C:\\wamp\\www\\vendor\\laravel\\framework\\src\\Illuminate\\Pipeline\\Pipeline.php:143-174}('class Illuminat...')
#101 C:\\wamp\\www\\vendor\\laravel\\framework\\src\\Illuminate\\Pipeline\\Pipeline.php(167): Illuminate\\Foundation\\Http\\Middleware\\ConvertEmptyStringsToNull->handle('class Illuminat...', 'class Closure {...')
#102 C:\\wamp\\www\\vendor\\laravel\\framework\\src\\Illuminate\\Foundation\\Http\\Middleware\\TransformsRequest.php(21): Illuminate\\Routing\\Pipeline->Illuminate\\Pipeline\\{closure:C:\\wamp\\www\\vendor\\laravel\\framework\\src\\Illuminate\\Pipeline\\Pipeline.php:143-174}('class Illuminat...')
#103 C:\\wamp\\www\\vendor\\laravel\\framework\\src\\Illuminate\\Pipeline\\Pipeline.php(167): App\\Http\\Middleware\\TrimStrings->handle('class Illuminat...', 'class Closure {...')
#104 C:\\wamp\\www\\vendor\\laravel\\framework\\src\\Illuminate\\Foundation\\Http\\Middleware\\ValidatePostSize.php(27): Illuminate\\Routing\\Pipeline->Illuminate\\Pipeline\\{closure:C:\\wamp\\www\\vendor\\laravel\\framework\\src\\Illuminate\\Pipeline\\Pipeline.php:143-174}('class Illuminat...')
#105 C:\\wamp\\www\\vendor\\laravel\\framework\\src\\Illuminate\\Pipeline\\Pipeline.php(167): Illuminate\\Foundation\\Http\\Middleware\\ValidatePostSize->handle('class Illuminat...', 'class Closure {...')
#106 C:\\wamp\\www\\vendor\\laravel\\framework\\src\\Illuminate\\Foundation\\Http\\Middleware\\PreventRequestsDuringMaintenance.php(86): Illuminate\\Routing\\Pipeline->Illuminate\\Pipeline\\{closure:C:\\wamp\\www\\vendor\\laravel\\framework\\src\\Illuminate\\Pipeline\\Pipeline.php:143-174}('class Illuminat...')
#107 C:\\wamp\\www\\vendor\\laravel\\framework\\src\\Illuminate\\Pipeline\\Pipeline.php(167): App\\Http\\Middleware\\PreventRequestsDuringMaintenance->handle('class Illuminat...', 'class Closure {...')
#108 C:\\wamp\\www\\vendor\\fruitcake\\laravel-cors\\src\\HandleCors.php(37): Illuminate\\Routing\\Pipeline->Illuminate\\Pipeline\\{closure:C:\\wamp\\www\\vendor\\laravel\\framework\\src\\Illuminate\\Pipeline\\Pipeline.php:143-174}('class Illuminat...')
#109 C:\\wamp\\www\\vendor\\laravel\\framework\\src\\Illuminate\\Pipeline\\Pipeline.php(167): Fruitcake\\Cors\\HandleCors->handle('class Illuminat...', 'class Closure {...')
#110 C:\\wamp\\www\\vendor\\fideloper\\proxy\\src\\TrustProxies.php(57): Illuminate\\Routing\\Pipeline->Illuminate\\Pipeline\\{closure:C:\\wamp\\www\\vendor\\laravel\\framework\\src\\Illuminate\\Pipeline\\Pipeline.php:143-174}('class Illuminat...')
#111 C:\\wamp\\www\\vendor\\laravel\\framework\\src\\Illuminate\\Pipeline\\Pipeline.php(167): App\\Http\\Middleware\\TrustProxies->handle('class Illuminat...', 'class Closure {...')
#112 C:\\wamp\\www\\vendor\\laravel\\framework\\src\\Illuminate\\Pipeline\\Pipeline.php(103): Illuminate\\Routing\\Pipeline->Illuminate\\Pipeline\\{closure:C:\\wamp\\www\\vendor\\laravel\\framework\\src\\Illuminate\\Pipeline\\Pipeline.php:143-174}('class Illuminat...')
#113 C:\\wamp\\www\\vendor\\laravel\\framework\\src\\Illuminate\\Foundation\\Http\\Kernel.php(141): Illuminate\\Routing\\Pipeline->then('class Closure {...')
#114 C:\\wamp\\www\\vendor\\laravel\\framework\\src\\Illuminate\\Foundation\\Http\\Kernel.php(110): App\\Http\\Kernel->sendRequestThroughRouter('class Illuminat...')
#115 C:\\wamp\\www\\public\\index.php(52): App\\Http\\Kernel->handle('class Illuminat...')
#116 C:\\wamp\\www\\public\\index.php(0): {main}()
#117 {main}
"} 
[2022-06-03 09:52:27] local.ERROR: Maximum execution time of 120 seconds exceeded {"exception":"[object] (Symfony\\Component\\ErrorHandler\\Error\\FatalError(code: 0): Maximum execution time of 120 seconds exceeded at C:\\wamp\\www\\vendor\\doctrine\\dbal\\lib\\Doctrine\\DBAL\\Driver\\PDOStatement.php:115)
[stacktrace]
#0 C:\\wamp\\www\\vendor\\laravel\\framework\\src\\Illuminate\\Foundation\\Bootstrap\\HandleExceptions.php(143): Symfony\\Component\\ErrorHandler\\Error\\FatalError->__construct(''Maximum execut...', '0', '['type' => 1, '...', '0', '???', '???')
#1 C:\\wamp\\www\\vendor\\laravel\\framework\\src\\Illuminate\\Foundation\\Bootstrap\\HandleExceptions.php(130): Illuminate\\Foundation\\Bootstrap\\HandleExceptions->fatalErrorFromPhpError('['type' => 1, '...', '0')
#2 C:\\wamp\\www\\vendor\\laravel\\framework\\src\\Illuminate\\Foundation\\Bootstrap\\HandleExceptions.php(0): Illuminate\\Foundation\\Bootstrap\\HandleExceptions->handleShutdown()
#3 C:\\wamp\\www\\vendor\\laravel\\framework\\src\\Illuminate\\Database\\Connection.php(471): Doctrine\\DBAL\\Driver\\PDO\\Statement->execute('???')
#4 C:\\wamp\\www\\vendor\\laravel\\framework\\src\\Illuminate\\Database\\Connection.php(671): Illuminate\\Database\\MySqlConnection->Illuminate\\Database\\{closure:C:\\wamp\\www\\vendor\\laravel\\framework\\src\\Illuminate\\Database\\Connection.php:460-472}(''insert into `v...', '[0 => 10.99, 1 ...')
#5 C:\\wamp\\www\\vendor\\laravel\\framework\\src\\Illuminate\\Database\\Connection.php(638): Illuminate\\Database\\MySqlConnection->runQueryCallback(''insert into `v...', '[0 => 10.99, 1 ...', 'class Closure {...')
#6 C:\\wamp\\www\\vendor\\laravel\\framework\\src\\Illuminate\\Database\\Connection.php(472): Illuminate\\Database\\MySqlConnection->run(''insert into `v...', '[0 => 10.99, 1 ...', 'class Closure {...')
#7 C:\\wamp\\www\\vendor\\laravel\\framework\\src\\Illuminate\\Database\\Connection.php(424): Illuminate\\Database\\MySqlConnection->statement(''insert into `v...', '[0 => 10.99, 1 ...')
#8 C:\\wamp\\www\\vendor\\laravel\\framework\\src\\Illuminate\\Database\\Query\\Processors\\Processor.php(32): Illuminate\\Database\\MySqlConnection->insert(''insert into `v...', '[0 => 10.99, 1 ...')
#9 C:\\wamp\\www\\vendor\\laravel\\framework\\src\\Illuminate\\Database\\Query\\Builder.php(2882): Illuminate\\Database\\Query\\Processors\\MySqlProcessor->processInsertGetId('class Illuminat...', ''insert into `v...', '[0 => 10.99, 1 ...', 'NULL')
#10 C:\\wamp\\www\\database\\seeders\\RestorantsTableSeeder.php(474): Illuminate\\Database\\Query\\Builder->insertGetId('['price' => 10....', '???')
#11 C:\\wamp\\www\\vendor\\laravel\\framework\\src\\Illuminate\\Container\\BoundMethod.php(36): Database\\Seeders\\RestorantsTableSeeder->run()
#12 C:\\wamp\\www\\vendor\\laravel\\framework\\src\\Illuminate\\Container\\Util.php(40): Illuminate\\Container\\BoundMethod::Illuminate\\Container\\{closure:C:\\wamp\\www\\vendor\\laravel\\framework\\src\\Illuminate\\Container\\BoundMethod.php:35-37}()
#13 C:\\wamp\\www\\vendor\\laravel\\framework\\src\\Illuminate\\Container\\BoundMethod.php(93): Illuminate\\Container\\Util::unwrapIfClosure('class Closure {...')
#14 C:\\wamp\\www\\vendor\\laravel\\framework\\src\\Illuminate\\Container\\BoundMethod.php(37): Illuminate\\Container\\BoundMethod::callBoundMethod('class Illuminat...', '[0 => class Dat...', 'class Closure {...')
#15 C:\\wamp\\www\\vendor\\laravel\\framework\\src\\Illuminate\\Container\\Container.php(610): Illuminate\\Container\\BoundMethod::call('class Illuminat...', '[0 => class Dat...', '[]', 'NULL')
#16 C:\\wamp\\www\\vendor\\laravel\\framework\\src\\Illuminate\\Database\\Seeder.php(149): Illuminate\\Foundation\\Application->call('[0 => class Dat...', '[]', '???')
#17 C:\\wamp\\www\\vendor\\laravel\\framework\\src\\Illuminate\\Database\\Seeder.php(49): Database\\Seeders\\RestorantsTableSeeder->__invoke('[]')
#18 C:\\wamp\\www\\database\\seeders\\DemoSeeder.php(40): Database\\Seeders\\DemoSeeder->call(''Database\\\\\\\\Seed...', '???', '???')
#19 C:\\wamp\\www\\vendor\\laravel\\framework\\src\\Illuminate\\Container\\BoundMethod.php(36): Database\\Seeders\\DemoSeeder->run()
#20 C:\\wamp\\www\\vendor\\laravel\\framework\\src\\Illuminate\\Container\\Util.php(40): Illuminate\\Container\\BoundMethod::Illuminate\\Container\\{closure:C:\\wamp\\www\\vendor\\laravel\\framework\\src\\Illuminate\\Container\\BoundMethod.php:35-37}()
#21 C:\\wamp\\www\\vendor\\laravel\\framework\\src\\Illuminate\\Container\\BoundMethod.php(93): Illuminate\\Container\\Util::unwrapIfClosure('class Closure {...')
#22 C:\\wamp\\www\\vendor\\laravel\\framework\\src\\Illuminate\\Container\\BoundMethod.php(37): Illuminate\\Container\\BoundMethod::callBoundMethod('class Illuminat...', '[0 => class Dat...', 'class Closure {...')
#23 C:\\wamp\\www\\vendor\\laravel\\framework\\src\\Illuminate\\Container\\Container.php(610): Illuminate\\Container\\BoundMethod::call('class Illuminat...', '[0 => class Dat...', '[]', 'NULL')
#24 C:\\wamp\\www\\vendor\\laravel\\framework\\src\\Illuminate\\Database\\Seeder.php(149): Illuminate\\Foundation\\Application->call('[0 => class Dat...', '[]', '???')
#25 C:\\wamp\\www\\vendor\\laravel\\framework\\src\\Illuminate\\Database\\Seeder.php(49): Database\\Seeders\\DemoSeeder->__invoke('[]')
#26 C:\\wamp\\www\\database\\seeders\\DatabaseSeeder.php(27): Database\\Seeders\\DatabaseSeeder->call(''Database\\\\\\\\Seed...', '???', '???')
#27 C:\\wamp\\www\\vendor\\laravel\\framework\\src\\Illuminate\\Container\\BoundMethod.php(36): Database\\Seeders\\DatabaseSeeder->run()
#28 C:\\wamp\\www\\vendor\\laravel\\framework\\src\\Illuminate\\Container\\Util.php(40): Illuminate\\Container\\BoundMethod::Illuminate\\Container\\{closure:C:\\wamp\\www\\vendor\\laravel\\framework\\src\\Illuminate\\Container\\BoundMethod.php:35-37}()
#29 C:\\wamp\\www\\vendor\\laravel\\framework\\src\\Illuminate\\Container\\BoundMethod.php(93): Illuminate\\Container\\Util::unwrapIfClosure('class Closure {...')
#30 C:\\wamp\\www\\vendor\\laravel\\framework\\src\\Illuminate\\Container\\BoundMethod.php(37): Illuminate\\Container\\BoundMethod::callBoundMethod('class Illuminat...', '[0 => class Dat...', 'class Closure {...')
#31 C:\\wamp\\www\\vendor\\laravel\\framework\\src\\Illuminate\\Container\\Container.php(610): Illuminate\\Container\\BoundMethod::call('class Illuminat...', '[0 => class Dat...', '[]', 'NULL')
#32 C:\\wamp\\www\\vendor\\laravel\\framework\\src\\Illuminate\\Database\\Seeder.php(149): Illuminate\\Foundation\\Application->call('[0 => class Dat...', '[]', '???')
#33 C:\\wamp\\www\\vendor\\laravel\\framework\\src\\Illuminate\\Database\\Console\\Seeds\\SeedCommand.php(65): Database\\Seeders\\DatabaseSeeder->__invoke('???')
#34 C:\\wamp\\www\\vendor\\laravel\\framework\\src\\Illuminate\\Database\\Eloquent\\Concerns\\GuardsAttributes.php(157): Illuminate\\Database\\Console\\Seeds\\SeedCommand->Illuminate\\Database\\Console\\Seeds\\{closure:C:\\wamp\\www\\vendor\\laravel\\framework\\src\\Illuminate\\Database\\Console\\Seeds\\SeedCommand.php:64-66}()
#35 C:\\wamp\\www\\vendor\\laravel\\framework\\src\\Illuminate\\Database\\Console\\Seeds\\SeedCommand.php(66): Illuminate\\Database\\Eloquent\\Model::unguarded('class Closure {...')
#36 C:\\wamp\\www\\vendor\\laravel\\framework\\src\\Illuminate\\Container\\BoundMethod.php(36): Illuminate\\Database\\Console\\Seeds\\SeedCommand->handle()
#37 C:\\wamp\\www\\vendor\\laravel\\framework\\src\\Illuminate\\Container\\Util.php(40): Illuminate\\Container\\BoundMethod::Illuminate\\Container\\{closure:C:\\wamp\\www\\vendor\\laravel\\framework\\src\\Illuminate\\Container\\BoundMethod.php:35-37}()
#38 C:\\wamp\\www\\vendor\\laravel\\framework\\src\\Illuminate\\Container\\BoundMethod.php(93): Illuminate\\Container\\Util::unwrapIfClosure('class Closure {...')
#39 C:\\wamp\\www\\vendor\\laravel\\framework\\src\\Illuminate\\Container\\BoundMethod.php(37): Illuminate\\Container\\BoundMethod::callBoundMethod('class Illuminat...', '[0 => class Ill...', 'class Closure {...')
#40 C:\\wamp\\www\\vendor\\laravel\\framework\\src\\Illuminate\\Container\\Container.php(610): Illuminate\\Container\\BoundMethod::call('class Illuminat...', '[0 => class Ill...', '[]', 'NULL')
#41 C:\\wamp\\www\\vendor\\laravel\\framework\\src\\Illuminate\\Console\\Command.php(136): Illuminate\\Foundation\\Application->call('[0 => class Ill...', '???', '???')
#42 C:\\wamp\\www\\vendor\\symfony\\console\\Command\\Command.php(256): Illuminate\\Database\\Console\\Seeds\\SeedCommand->execute('class Symfony\\\\C...', 'class Illuminat...')
#43 C:\\wamp\\www\\vendor\\laravel\\framework\\src\\Illuminate\\Console\\Command.php(121): Illuminate\\Database\\Console\\Seeds\\SeedCommand->run('class Symfony\\\\C...', 'class Illuminat...')
#44 C:\\wamp\\www\\vendor\\laravel\\framework\\src\\Illuminate\\Console\\Concerns\\CallsCommands.php(68): Illuminate\\Database\\Console\\Seeds\\SeedCommand->run('class Symfony\\\\C...', 'class Illuminat...')
#45 C:\\wamp\\www\\vendor\\laravel\\framework\\src\\Illuminate\\Console\\Concerns\\CallsCommands.php(28): Illuminate\\Database\\Console\\Migrations\\MigrateCommand->runCommand(''db:seed'', '['--force' => T...', 'class Illuminat...')
#46 C:\\wamp\\www\\vendor\\laravel\\framework\\src\\Illuminate\\Database\\Console\\Migrations\\MigrateCommand.php(92): Illuminate\\Database\\Console\\Migrations\\MigrateCommand->call(''db:seed'', '['--force' => T...')
#47 C:\\wamp\\www\\vendor\\laravel\\framework\\src\\Illuminate\\Database\\Migrations\\Migrator.php(541): Illuminate\\Database\\Console\\Migrations\\MigrateCommand->Illuminate\\Database\\Console\\Migrations\\{closure:C:\\wamp\\www\\vendor\\laravel\\framework\\src\\Illuminate\\Database\\Console\\Migrations\\MigrateCommand.php:76-94}()
#48 C:\\wamp\\www\\vendor\\laravel\\framework\\src\\Illuminate\\Database\\Console\\Migrations\\MigrateCommand.php(94): Illuminate\\Database\\Migrations\\Migrator->usingConnection('NULL', 'class Closure {...')
#49 C:\\wamp\\www\\vendor\\laravel\\framework\\src\\Illuminate\\Container\\BoundMethod.php(36): Illuminate\\Database\\Console\\Migrations\\MigrateCommand->handle()
#50 C:\\wamp\\www\\vendor\\laravel\\framework\\src\\Illuminate\\Container\\Util.php(40): Illuminate\\Container\\BoundMethod::Illuminate\\Container\\{closure:C:\\wamp\\www\\vendor\\laravel\\framework\\src\\Illuminate\\Container\\BoundMethod.php:35-37}()
#51 C:\\wamp\\www\\vendor\\laravel\\framework\\src\\Illuminate\\Container\\BoundMethod.php(93): Illuminate\\Container\\Util::unwrapIfClosure('class Closure {...')
#52 C:\\wamp\\www\\vendor\\laravel\\framework\\src\\Illuminate\\Container\\BoundMethod.php(37): Illuminate\\Container\\BoundMethod::callBoundMethod('class Illuminat...', '[0 => class Ill...', 'class Closure {...')
#53 C:\\wamp\\www\\vendor\\laravel\\framework\\src\\Illuminate\\Container\\Container.php(610): Illuminate\\Container\\BoundMethod::call('class Illuminat...', '[0 => class Ill...', '[]', 'NULL')
#54 C:\\wamp\\www\\vendor\\laravel\\framework\\src\\Illuminate\\Console\\Command.php(136): Illuminate\\Foundation\\Application->call('[0 => class Ill...', '???', '???')
#55 C:\\wamp\\www\\vendor\\symfony\\console\\Command\\Command.php(256): Illuminate\\Database\\Console\\Migrations\\MigrateCommand->execute('class Symfony\\\\C...', 'class Illuminat...')
#56 C:\\wamp\\www\\vendor\\laravel\\framework\\src\\Illuminate\\Console\\Command.php(121): Illuminate\\Database\\Console\\Migrations\\MigrateCommand->run('class Symfony\\\\C...', 'class Illuminat...')
#57 C:\\wamp\\www\\vendor\\symfony\\console\\Application.php(971): Illuminate\\Database\\Console\\Migrations\\MigrateCommand->run('class Symfony\\\\C...', 'class Symfony\\\\C...')
#58 C:\\wamp\\www\\vendor\\symfony\\console\\Application.php(290): Illuminate\\Console\\Application->doRunCommand('class Illuminat...', 'class Symfony\\\\C...', 'class Symfony\\\\C...')
#59 C:\\wamp\\www\\vendor\\symfony\\console\\Application.php(166): Illuminate\\Console\\Application->doRun('class Symfony\\\\C...', 'class Symfony\\\\C...')
#60 C:\\wamp\\www\\vendor\\laravel\\framework\\src\\Illuminate\\Console\\Application.php(93): Illuminate\\Console\\Application->run('class Symfony\\\\C...', 'class Symfony\\\\C...')
#61 C:\\wamp\\www\\vendor\\laravel\\framework\\src\\Illuminate\\Console\\Application.php(185): Illuminate\\Console\\Application->run('class Symfony\\\\C...', 'class Symfony\\\\C...')
#62 C:\\wamp\\www\\vendor\\laravel\\framework\\src\\Illuminate\\Foundation\\Console\\Kernel.php(263): Illuminate\\Console\\Application->call(''migrate'', '['--seed' => TR...', 'NULL')
#63 C:\\wamp\\www\\vendor\\laravel\\framework\\src\\Illuminate\\Support\\Facades\\Facade.php(261): App\\Console\\Kernel->call(''migrate'', '['--seed' => TR...', '???')
#64 C:\\wamp\\www\\vendor\\mobidonia\\laravel-dashboard-installer\\src\\Controllers\\InstallDatabaseController.php(109): Illuminate\\Support\\Facades\\Facade::__callStatic(''call'', '[0 => 'migrate'...')
#65 C:\\wamp\\www\\vendor\\mobidonia\\laravel-dashboard-installer\\src\\Controllers\\InstallDatabaseController.php(109): Illuminate\\Support\\Facades\\Facade::call(''migrate'', '['--seed' => TR...')
#66 C:\\wamp\\www\\vendor\\laravel\\framework\\src\\Illuminate\\Routing\\Controller.php(54): dacoto\\LaravelInstaller\\Controllers\\InstallDatabaseController->runMigrations()
#67 C:\\wamp\\www\\vendor\\laravel\\framework\\src\\Illuminate\\Routing\\ControllerDispatcher.php(45): dacoto\\LaravelInstaller\\Controllers\\InstallDatabaseController->callAction(''runMigrations'', '[]')
#68 C:\\wamp\\www\\vendor\\laravel\\framework\\src\\Illuminate\\Routing\\Route.php(254): Illuminate\\Routing\\ControllerDispatcher->dispatch('class Illuminat...', 'class dacoto\\\\La...', ''runMigrations'')
#69 C:\\wamp\\www\\vendor\\laravel\\framework\\src\\Illuminate\\Routing\\Route.php(197): Illuminate\\Routing\\Route->runController()
#70 C:\\wamp\\www\\vendor\\laravel\\framework\\src\\Illuminate\\Routing\\Router.php(693): Illuminate\\Routing\\Route->run()
#71 C:\\wamp\\www\\vendor\\laravel\\framework\\src\\Illuminate\\Pipeline\\Pipeline.php(128): Illuminate\\Routing\\Router->Illuminate\\Routing\\{closure:C:\\wamp\\www\\vendor\\laravel\\framework\\src\\Illuminate\\Routing\\Router.php:691-695}('class Illuminat...')
#72 C:\\wamp\\www\\vendor\\mobidonia\\laravel-dashboard-installer\\src\\Middleware\\InstallerMiddleware.php(23): Illuminate\\Routing\\Pipeline->Illuminate\\Pipeline\\{closure:C:\\wamp\\www\\vendor\\laravel\\framework\\src\\Illuminate\\Pipeline\\Pipeline.php:126-132}('class Illuminat...')
#73 C:\\wamp\\www\\vendor\\laravel\\framework\\src\\Illuminate\\Pipeline\\Pipeline.php(167): dacoto\\LaravelInstaller\\Middleware\\InstallerMiddleware->handle('class Illuminat...', 'class Closure {...')
#74 C:\\wamp\\www\\vendor\\laravel\\framework\\src\\Illuminate\\Routing\\Middleware\\SubstituteBindings.php(50): Illuminate\\Routing\\Pipeline->Illuminate\\Pipeline\\{closure:C:\\wamp\\www\\vendor\\laravel\\framework\\src\\Illuminate\\Pipeline\\Pipeline.php:143-174}('class Illuminat...')
#75 C:\\wamp\\www\\vendor\\laravel\\framework\\src\\Illuminate\\Pipeline\\Pipeline.php(167): Illuminate\\Routing\\Middleware\\SubstituteBindings->handle('class Illuminat...', 'class Closure {...')
#76 C:\\wamp\\www\\vendor\\laravel\\framework\\src\\Illuminate\\Foundation\\Http\\Middleware\\VerifyCsrfToken.php(78): Illuminate\\Routing\\Pipeline->Illuminate\\Pipeline\\{closure:C:\\wamp\\www\\vendor\\laravel\\framework\\src\\Illuminate\\Pipeline\\Pipeline.php:143-174}('class Illuminat...')
#77 C:\\wamp\\www\\vendor\\laravel\\framework\\src\\Illuminate\\Pipeline\\Pipeline.php(167): App\\Http\\Middleware\\VerifyCsrfToken->handle('class Illuminat...', 'class Closure {...')
#78 C:\\wamp\\www\\vendor\\laravel\\framework\\src\\Illuminate\\View\\Middleware\\ShareErrorsFromSession.php(49): Illuminate\\Routing\\Pipeline->Illuminate\\Pipeline\\{closure:C:\\wamp\\www\\vendor\\laravel\\framework\\src\\Illuminate\\Pipeline\\Pipeline.php:143-174}('class Illuminat...')
#79 C:\\wamp\\www\\vendor\\laravel\\framework\\src\\Illuminate\\Pipeline\\Pipeline.php(167): Illuminate\\View\\Middleware\\ShareErrorsFromSession->handle('class Illuminat...', 'class Closure {...')
#80 C:\\wamp\\www\\app\\Http\\Middleware\\Language.php(31): Illuminate\\Routing\\Pipeline->Illuminate\\Pipeline\\{closure:C:\\wamp\\www\\vendor\\laravel\\framework\\src\\Illuminate\\Pipeline\\Pipeline.php:143-174}('class Illuminat...')
#81 C:\\wamp\\www\\vendor\\laravel\\framework\\src\\Illuminate\\Pipeline\\Pipeline.php(167): App\\Http\\Middleware\\Language->handle('class Illuminat...', 'class Closure {...')
#82 C:\\wamp\\www\\vendor\\laravel\\framework\\src\\Illuminate\\Session\\Middleware\\StartSession.php(121): Illuminate\\Routing\\Pipeline->Illuminate\\Pipeline\\{closure:C:\\wamp\\www\\vendor\\laravel\\framework\\src\\Illuminate\\Pipeline\\Pipeline.php:143-174}('class Illuminat...')
#83 C:\\wamp\\www\\vendor\\laravel\\framework\\src\\Illuminate\\Session\\Middleware\\StartSession.php(63): Illuminate\\Session\\Middleware\\StartSession->handleStatefulRequest('class Illuminat...', 'class Illuminat...', 'class Closure {...')
#84 C:\\wamp\\www\\vendor\\laravel\\framework\\src\\Illuminate\\Pipeline\\Pipeline.php(167): Illuminate\\Session\\Middleware\\StartSession->handle('class Illuminat...', 'class Closure {...')
#85 C:\\wamp\\www\\vendor\\laravel\\framework\\src\\Illuminate\\Cookie\\Middleware\\AddQueuedCookiesToResponse.php(37): Illuminate\\Routing\\Pipeline->Illuminate\\Pipeline\\{closure:C:\\wamp\\www\\vendor\\laravel\\framework\\src\\Illuminate\\Pipeline\\Pipeline.php:143-174}('class Illuminat...')
#86 C:\\wamp\\www\\vendor\\laravel\\framework\\src\\Illuminate\\Pipeline\\Pipeline.php(167): Illuminate\\Cookie\\Middleware\\AddQueuedCookiesToResponse->handle('class Illuminat...', 'class Closure {...')
#87 C:\\wamp\\www\\vendor\\laravel\\framework\\src\\Illuminate\\Cookie\\Middleware\\EncryptCookies.php(67): Illuminate\\Routing\\Pipeline->Illuminate\\Pipeline\\{closure:C:\\wamp\\www\\vendor\\laravel\\framework\\src\\Illuminate\\Pipeline\\Pipeline.php:143-174}('class Illuminat...')
#88 C:\\wamp\\www\\vendor\\laravel\\framework\\src\\Illuminate\\Pipeline\\Pipeline.php(167): App\\Http\\Middleware\\EncryptCookies->handle('class Illuminat...', 'class Closure {...')
#89 C:\\wamp\\www\\vendor\\mobidonia\\laravel-dashboard-installer\\src\\Middleware\\ToInstallMiddleware.php(23): Illuminate\\Routing\\Pipeline->Illuminate\\Pipeline\\{closure:C:\\wamp\\www\\vendor\\laravel\\framework\\src\\Illuminate\\Pipeline\\Pipeline.php:143-174}('class Illuminat...')
#90 C:\\wamp\\www\\vendor\\laravel\\framework\\src\\Illuminate\\Pipeline\\Pipeline.php(167): dacoto\\LaravelInstaller\\Middleware\\ToInstallMiddleware->handle('class Illuminat...', 'class Closure {...')
#91 C:\\wamp\\www\\vendor\\laravel\\framework\\src\\Illuminate\\Pipeline\\Pipeline.php(103): Illuminate\\Routing\\Pipeline->Illuminate\\Pipeline\\{closure:C:\\wamp\\www\\vendor\\laravel\\framework\\src\\Illuminate\\Pipeline\\Pipeline.php:143-174}('class Illuminat...')
#92 C:\\wamp\\www\\vendor\\laravel\\framework\\src\\Illuminate\\Routing\\Router.php(695): Illuminate\\Routing\\Pipeline->then('class Closure {...')
#93 C:\\wamp\\www\\vendor\\laravel\\framework\\src\\Illuminate\\Routing\\Router.php(670): Illuminate\\Routing\\Router->runRouteWithinStack('class Illuminat...', 'class Illuminat...')
#94 C:\\wamp\\www\\vendor\\laravel\\framework\\src\\Illuminate\\Routing\\Router.php(636): Illuminate\\Routing\\Router->runRoute('class Illuminat...', 'class Illuminat...')
#95 C:\\wamp\\www\\vendor\\laravel\\framework\\src\\Illuminate\\Routing\\Router.php(625): Illuminate\\Routing\\Router->dispatchToRoute('class Illuminat...')
#96 C:\\wamp\\www\\vendor\\laravel\\framework\\src\\Illuminate\\Foundation\\Http\\Kernel.php(166): Illuminate\\Routing\\Router->dispatch('class Illuminat...')
#97 C:\\wamp\\www\\vendor\\laravel\\framework\\src\\Illuminate\\Pipeline\\Pipeline.php(128): App\\Http\\Kernel->Illuminate\\Foundation\\Http\\{closure:C:\\wamp\\www\\vendor\\laravel\\framework\\src\\Illuminate\\Foundation\\Http\\Kernel.php:163-167}('class Illuminat...')
#98 C:\\wamp\\www\\vendor\\barryvdh\\laravel-debugbar\\src\\Middleware\\InjectDebugbar.php(67): Illuminate\\Routing\\Pipeline->Illuminate\\Pipeline\\{closure:C:\\wamp\\www\\vendor\\laravel\\framework\\src\\Illuminate\\Pipeline\\Pipeline.php:126-132}('class Illuminat...')
#99 C:\\wamp\\www\\vendor\\laravel\\framework\\src\\Illuminate\\Pipeline\\Pipeline.php(167): Barryvdh\\Debugbar\\Middleware\\InjectDebugbar->handle('class Illuminat...', 'class Closure {...')
#100 C:\\wamp\\www\\vendor\\laravel\\framework\\src\\Illuminate\\Foundation\\Http\\Middleware\\TransformsRequest.php(21): Illuminate\\Routing\\Pipeline->Illuminate\\Pipeline\\{closure:C:\\wamp\\www\\vendor\\laravel\\framework\\src\\Illuminate\\Pipeline\\Pipeline.php:143-174}('class Illuminat...')
#101 C:\\wamp\\www\\vendor\\laravel\\framework\\src\\Illuminate\\Pipeline\\Pipeline.php(167): Illuminate\\Foundation\\Http\\Middleware\\ConvertEmptyStringsToNull->handle('class Illuminat...', 'class Closure {...')
#102 C:\\wamp\\www\\vendor\\laravel\\framework\\src\\Illuminate\\Foundation\\Http\\Middleware\\TransformsRequest.php(21): Illuminate\\Routing\\Pipeline->Illuminate\\Pipeline\\{closure:C:\\wamp\\www\\vendor\\laravel\\framework\\src\\Illuminate\\Pipeline\\Pipeline.php:143-174}('class Illuminat...')
#103 C:\\wamp\\www\\vendor\\laravel\\framework\\src\\Illuminate\\Pipeline\\Pipeline.php(167): App\\Http\\Middleware\\TrimStrings->handle('class Illuminat...', 'class Closure {...')
#104 C:\\wamp\\www\\vendor\\laravel\\framework\\src\\Illuminate\\Foundation\\Http\\Middleware\\ValidatePostSize.php(27): Illuminate\\Routing\\Pipeline->Illuminate\\Pipeline\\{closure:C:\\wamp\\www\\vendor\\laravel\\framework\\src\\Illuminate\\Pipeline\\Pipeline.php:143-174}('class Illuminat...')
#105 C:\\wamp\\www\\vendor\\laravel\\framework\\src\\Illuminate\\Pipeline\\Pipeline.php(167): Illuminate\\Foundation\\Http\\Middleware\\ValidatePostSize->handle('class Illuminat...', 'class Closure {...')
#106 C:\\wamp\\www\\vendor\\laravel\\framework\\src\\Illuminate\\Foundation\\Http\\Middleware\\PreventRequestsDuringMaintenance.php(86): Illuminate\\Routing\\Pipeline->Illuminate\\Pipeline\\{closure:C:\\wamp\\www\\vendor\\laravel\\framework\\src\\Illuminate\\Pipeline\\Pipeline.php:143-174}('class Illuminat...')
#107 C:\\wamp\\www\\vendor\\laravel\\framework\\src\\Illuminate\\Pipeline\\Pipeline.php(167): App\\Http\\Middleware\\PreventRequestsDuringMaintenance->handle('class Illuminat...', 'class Closure {...')
#108 C:\\wamp\\www\\vendor\\fruitcake\\laravel-cors\\src\\HandleCors.php(37): Illuminate\\Routing\\Pipeline->Illuminate\\Pipeline\\{closure:C:\\wamp\\www\\vendor\\laravel\\framework\\src\\Illuminate\\Pipeline\\Pipeline.php:143-174}('class Illuminat...')
#109 C:\\wamp\\www\\vendor\\laravel\\framework\\src\\Illuminate\\Pipeline\\Pipeline.php(167): Fruitcake\\Cors\\HandleCors->handle('class Illuminat...', 'class Closure {...')
#110 C:\\wamp\\www\\vendor\\fideloper\\proxy\\src\\TrustProxies.php(57): Illuminate\\Routing\\Pipeline->Illuminate\\Pipeline\\{closure:C:\\wamp\\www\\vendor\\laravel\\framework\\src\\Illuminate\\Pipeline\\Pipeline.php:143-174}('class Illuminat...')
#111 C:\\wamp\\www\\vendor\\laravel\\framework\\src\\Illuminate\\Pipeline\\Pipeline.php(167): App\\Http\\Middleware\\TrustProxies->handle('class Illuminat...', 'class Closure {...')
#112 C:\\wamp\\www\\vendor\\laravel\\framework\\src\\Illuminate\\Pipeline\\Pipeline.php(103): Illuminate\\Routing\\Pipeline->Illuminate\\Pipeline\\{closure:C:\\wamp\\www\\vendor\\laravel\\framework\\src\\Illuminate\\Pipeline\\Pipeline.php:143-174}('class Illuminat...')
#113 C:\\wamp\\www\\vendor\\laravel\\framework\\src\\Illuminate\\Foundation\\Http\\Kernel.php(141): Illuminate\\Routing\\Pipeline->then('class Closure {...')
#114 C:\\wamp\\www\\vendor\\laravel\\framework\\src\\Illuminate\\Foundation\\Http\\Kernel.php(110): App\\Http\\Kernel->sendRequestThroughRouter('class Illuminat...')
#115 C:\\wamp\\www\\public\\index.php(52): App\\Http\\Kernel->handle('class Illuminat...')
#116 C:\\wamp\\www\\public\\index.php(0): {main}()
#117 {main}
"} 
[2022-06-03 10:37:58] local.ERROR: Maximum execution time of 120 seconds exceeded {"exception":"[object] (Symfony\\Component\\ErrorHandler\\Error\\FatalError(code: 0): Maximum execution time of 120 seconds exceeded at C:\\wamp\\www\\vendor\\doctrine\\dbal\\lib\\Doctrine\\DBAL\\Driver\\PDOStatement.php:115)
[stacktrace]
#0 C:\\wamp\\www\\vendor\\laravel\\framework\\src\\Illuminate\\Foundation\\Bootstrap\\HandleExceptions.php(143): Symfony\\Component\\ErrorHandler\\Error\\FatalError->__construct(''Maximum execut...', '0', '['type' => 1, '...', '0', '???', '???')
#1 C:\\wamp\\www\\vendor\\laravel\\framework\\src\\Illuminate\\Foundation\\Bootstrap\\HandleExceptions.php(130): Illuminate\\Foundation\\Bootstrap\\HandleExceptions->fatalErrorFromPhpError('['type' => 1, '...', '0')
#2 C:\\wamp\\www\\vendor\\laravel\\framework\\src\\Illuminate\\Foundation\\Bootstrap\\HandleExceptions.php(0): Illuminate\\Foundation\\Bootstrap\\HandleExceptions->handleShutdown()
#3 C:\\wamp\\www\\vendor\\laravel\\framework\\src\\Illuminate\\Database\\Connection.php(471): Doctrine\\DBAL\\Driver\\PDO\\Statement->execute('???')
#4 C:\\wamp\\www\\vendor\\laravel\\framework\\src\\Illuminate\\Database\\Connection.php(671): Illuminate\\Database\\MySqlConnection->Illuminate\\Database\\{closure:C:\\wamp\\www\\vendor\\laravel\\framework\\src\\Illuminate\\Database\\Connection.php:460-472}(''insert into `v...', '[0 => 241, 1 =>...')
#5 C:\\wamp\\www\\vendor\\laravel\\framework\\src\\Illuminate\\Database\\Connection.php(638): Illuminate\\Database\\MySqlConnection->runQueryCallback(''insert into `v...', '[0 => 241, 1 =>...', 'class Closure {...')
#6 C:\\wamp\\www\\vendor\\laravel\\framework\\src\\Illuminate\\Database\\Connection.php(472): Illuminate\\Database\\MySqlConnection->run(''insert into `v...', '[0 => 241, 1 =>...', 'class Closure {...')
#7 C:\\wamp\\www\\vendor\\laravel\\framework\\src\\Illuminate\\Database\\Connection.php(424): Illuminate\\Database\\MySqlConnection->statement(''insert into `v...', '[0 => 241, 1 =>...')
#8 C:\\wamp\\www\\vendor\\laravel\\framework\\src\\Illuminate\\Database\\Query\\Processors\\Processor.php(32): Illuminate\\Database\\MySqlConnection->insert(''insert into `v...', '[0 => 241, 1 =>...')
#9 C:\\wamp\\www\\vendor\\laravel\\framework\\src\\Illuminate\\Database\\Query\\Builder.php(2882): Illuminate\\Database\\Query\\Processors\\MySqlProcessor->processInsertGetId('class Illuminat...', ''insert into `v...', '[0 => 241, 1 =>...', 'NULL')
#10 C:\\wamp\\www\\database\\seeders\\RestorantsTableSeeder.php(491): Illuminate\\Database\\Query\\Builder->insertGetId('['variant_id' =...', '???')
#11 C:\\wamp\\www\\vendor\\laravel\\framework\\src\\Illuminate\\Container\\BoundMethod.php(36): Database\\Seeders\\RestorantsTableSeeder->run()
#12 C:\\wamp\\www\\vendor\\laravel\\framework\\src\\Illuminate\\Container\\Util.php(40): Illuminate\\Container\\BoundMethod::Illuminate\\Container\\{closure:C:\\wamp\\www\\vendor\\laravel\\framework\\src\\Illuminate\\Container\\BoundMethod.php:35-37}()
#13 C:\\wamp\\www\\vendor\\laravel\\framework\\src\\Illuminate\\Container\\BoundMethod.php(93): Illuminate\\Container\\Util::unwrapIfClosure('class Closure {...')
#14 C:\\wamp\\www\\vendor\\laravel\\framework\\src\\Illuminate\\Container\\BoundMethod.php(37): Illuminate\\Container\\BoundMethod::callBoundMethod('class Illuminat...', '[0 => class Dat...', 'class Closure {...')
#15 C:\\wamp\\www\\vendor\\laravel\\framework\\src\\Illuminate\\Container\\Container.php(610): Illuminate\\Container\\BoundMethod::call('class Illuminat...', '[0 => class Dat...', '[]', 'NULL')
#16 C:\\wamp\\www\\vendor\\laravel\\framework\\src\\Illuminate\\Database\\Seeder.php(149): Illuminate\\Foundation\\Application->call('[0 => class Dat...', '[]', '???')
#17 C:\\wamp\\www\\vendor\\laravel\\framework\\src\\Illuminate\\Database\\Seeder.php(49): Database\\Seeders\\RestorantsTableSeeder->__invoke('[]')
#18 C:\\wamp\\www\\database\\seeders\\DemoSeeder.php(40): Database\\Seeders\\DemoSeeder->call(''Database\\\\\\\\Seed...', '???', '???')
#19 C:\\wamp\\www\\vendor\\laravel\\framework\\src\\Illuminate\\Container\\BoundMethod.php(36): Database\\Seeders\\DemoSeeder->run()
#20 C:\\wamp\\www\\vendor\\laravel\\framework\\src\\Illuminate\\Container\\Util.php(40): Illuminate\\Container\\BoundMethod::Illuminate\\Container\\{closure:C:\\wamp\\www\\vendor\\laravel\\framework\\src\\Illuminate\\Container\\BoundMethod.php:35-37}()
#21 C:\\wamp\\www\\vendor\\laravel\\framework\\src\\Illuminate\\Container\\BoundMethod.php(93): Illuminate\\Container\\Util::unwrapIfClosure('class Closure {...')
#22 C:\\wamp\\www\\vendor\\laravel\\framework\\src\\Illuminate\\Container\\BoundMethod.php(37): Illuminate\\Container\\BoundMethod::callBoundMethod('class Illuminat...', '[0 => class Dat...', 'class Closure {...')
#23 C:\\wamp\\www\\vendor\\laravel\\framework\\src\\Illuminate\\Container\\Container.php(610): Illuminate\\Container\\BoundMethod::call('class Illuminat...', '[0 => class Dat...', '[]', 'NULL')
#24 C:\\wamp\\www\\vendor\\laravel\\framework\\src\\Illuminate\\Database\\Seeder.php(149): Illuminate\\Foundation\\Application->call('[0 => class Dat...', '[]', '???')
#25 C:\\wamp\\www\\vendor\\laravel\\framework\\src\\Illuminate\\Database\\Seeder.php(49): Database\\Seeders\\DemoSeeder->__invoke('[]')
#26 C:\\wamp\\www\\database\\seeders\\DatabaseSeeder.php(27): Database\\Seeders\\DatabaseSeeder->call(''Database\\\\\\\\Seed...', '???', '???')
#27 C:\\wamp\\www\\vendor\\laravel\\framework\\src\\Illuminate\\Container\\BoundMethod.php(36): Database\\Seeders\\DatabaseSeeder->run()
#28 C:\\wamp\\www\\vendor\\laravel\\framework\\src\\Illuminate\\Container\\Util.php(40): Illuminate\\Container\\BoundMethod::Illuminate\\Container\\{closure:C:\\wamp\\www\\vendor\\laravel\\framework\\src\\Illuminate\\Container\\BoundMethod.php:35-37}()
#29 C:\\wamp\\www\\vendor\\laravel\\framework\\src\\Illuminate\\Container\\BoundMethod.php(93): Illuminate\\Container\\Util::unwrapIfClosure('class Closure {...')
#30 C:\\wamp\\www\\vendor\\laravel\\framework\\src\\Illuminate\\Container\\BoundMethod.php(37): Illuminate\\Container\\BoundMethod::callBoundMethod('class Illuminat...', '[0 => class Dat...', 'class Closure {...')
#31 C:\\wamp\\www\\vendor\\laravel\\framework\\src\\Illuminate\\Container\\Container.php(610): Illuminate\\Container\\BoundMethod::call('class Illuminat...', '[0 => class Dat...', '[]', 'NULL')
#32 C:\\wamp\\www\\vendor\\laravel\\framework\\src\\Illuminate\\Database\\Seeder.php(149): Illuminate\\Foundation\\Application->call('[0 => class Dat...', '[]', '???')
#33 C:\\wamp\\www\\vendor\\laravel\\framework\\src\\Illuminate\\Database\\Console\\Seeds\\SeedCommand.php(65): Database\\Seeders\\DatabaseSeeder->__invoke('???')
#34 C:\\wamp\\www\\vendor\\laravel\\framework\\src\\Illuminate\\Database\\Eloquent\\Concerns\\GuardsAttributes.php(157): Illuminate\\Database\\Console\\Seeds\\SeedCommand->Illuminate\\Database\\Console\\Seeds\\{closure:C:\\wamp\\www\\vendor\\laravel\\framework\\src\\Illuminate\\Database\\Console\\Seeds\\SeedCommand.php:64-66}()
#35 C:\\wamp\\www\\vendor\\laravel\\framework\\src\\Illuminate\\Database\\Console\\Seeds\\SeedCommand.php(66): Illuminate\\Database\\Eloquent\\Model::unguarded('class Closure {...')
#36 C:\\wamp\\www\\vendor\\laravel\\framework\\src\\Illuminate\\Container\\BoundMethod.php(36): Illuminate\\Database\\Console\\Seeds\\SeedCommand->handle()
#37 C:\\wamp\\www\\vendor\\laravel\\framework\\src\\Illuminate\\Container\\Util.php(40): Illuminate\\Container\\BoundMethod::Illuminate\\Container\\{closure:C:\\wamp\\www\\vendor\\laravel\\framework\\src\\Illuminate\\Container\\BoundMethod.php:35-37}()
#38 C:\\wamp\\www\\vendor\\laravel\\framework\\src\\Illuminate\\Container\\BoundMethod.php(93): Illuminate\\Container\\Util::unwrapIfClosure('class Closure {...')
#39 C:\\wamp\\www\\vendor\\laravel\\framework\\src\\Illuminate\\Container\\BoundMethod.php(37): Illuminate\\Container\\BoundMethod::callBoundMethod('class Illuminat...', '[0 => class Ill...', 'class Closure {...')
#40 C:\\wamp\\www\\vendor\\laravel\\framework\\src\\Illuminate\\Container\\Container.php(610): Illuminate\\Container\\BoundMethod::call('class Illuminat...', '[0 => class Ill...', '[]', 'NULL')
#41 C:\\wamp\\www\\vendor\\laravel\\framework\\src\\Illuminate\\Console\\Command.php(136): Illuminate\\Foundation\\Application->call('[0 => class Ill...', '???', '???')
#42 C:\\wamp\\www\\vendor\\symfony\\console\\Command\\Command.php(256): Illuminate\\Database\\Console\\Seeds\\SeedCommand->execute('class Symfony\\\\C...', 'class Illuminat...')
#43 C:\\wamp\\www\\vendor\\laravel\\framework\\src\\Illuminate\\Console\\Command.php(121): Illuminate\\Database\\Console\\Seeds\\SeedCommand->run('class Symfony\\\\C...', 'class Illuminat...')
#44 C:\\wamp\\www\\vendor\\laravel\\framework\\src\\Illuminate\\Console\\Concerns\\CallsCommands.php(68): Illuminate\\Database\\Console\\Seeds\\SeedCommand->run('class Symfony\\\\C...', 'class Illuminat...')
#45 C:\\wamp\\www\\vendor\\laravel\\framework\\src\\Illuminate\\Console\\Concerns\\CallsCommands.php(28): Illuminate\\Database\\Console\\Migrations\\MigrateCommand->runCommand(''db:seed'', '['--force' => T...', 'class Illuminat...')
#46 C:\\wamp\\www\\vendor\\laravel\\framework\\src\\Illuminate\\Database\\Console\\Migrations\\MigrateCommand.php(92): Illuminate\\Database\\Console\\Migrations\\MigrateCommand->call(''db:seed'', '['--force' => T...')
#47 C:\\wamp\\www\\vendor\\laravel\\framework\\src\\Illuminate\\Database\\Migrations\\Migrator.php(541): Illuminate\\Database\\Console\\Migrations\\MigrateCommand->Illuminate\\Database\\Console\\Migrations\\{closure:C:\\wamp\\www\\vendor\\laravel\\framework\\src\\Illuminate\\Database\\Console\\Migrations\\MigrateCommand.php:76-94}()
#48 C:\\wamp\\www\\vendor\\laravel\\framework\\src\\Illuminate\\Database\\Console\\Migrations\\MigrateCommand.php(94): Illuminate\\Database\\Migrations\\Migrator->usingConnection('NULL', 'class Closure {...')
#49 C:\\wamp\\www\\vendor\\laravel\\framework\\src\\Illuminate\\Container\\BoundMethod.php(36): Illuminate\\Database\\Console\\Migrations\\MigrateCommand->handle()
#50 C:\\wamp\\www\\vendor\\laravel\\framework\\src\\Illuminate\\Container\\Util.php(40): Illuminate\\Container\\BoundMethod::Illuminate\\Container\\{closure:C:\\wamp\\www\\vendor\\laravel\\framework\\src\\Illuminate\\Container\\BoundMethod.php:35-37}()
#51 C:\\wamp\\www\\vendor\\laravel\\framework\\src\\Illuminate\\Container\\BoundMethod.php(93): Illuminate\\Container\\Util::unwrapIfClosure('class Closure {...')
#52 C:\\wamp\\www\\vendor\\laravel\\framework\\src\\Illuminate\\Container\\BoundMethod.php(37): Illuminate\\Container\\BoundMethod::callBoundMethod('class Illuminat...', '[0 => class Ill...', 'class Closure {...')
#53 C:\\wamp\\www\\vendor\\laravel\\framework\\src\\Illuminate\\Container\\Container.php(610): Illuminate\\Container\\BoundMethod::call('class Illuminat...', '[0 => class Ill...', '[]', 'NULL')
#54 C:\\wamp\\www\\vendor\\laravel\\framework\\src\\Illuminate\\Console\\Command.php(136): Illuminate\\Foundation\\Application->call('[0 => class Ill...', '???', '???')
#55 C:\\wamp\\www\\vendor\\symfony\\console\\Command\\Command.php(256): Illuminate\\Database\\Console\\Migrations\\MigrateCommand->execute('class Symfony\\\\C...', 'class Illuminat...')
#56 C:\\wamp\\www\\vendor\\laravel\\framework\\src\\Illuminate\\Console\\Command.php(121): Illuminate\\Database\\Console\\Migrations\\MigrateCommand->run('class Symfony\\\\C...', 'class Illuminat...')
#57 C:\\wamp\\www\\vendor\\symfony\\console\\Application.php(971): Illuminate\\Database\\Console\\Migrations\\MigrateCommand->run('class Symfony\\\\C...', 'class Symfony\\\\C...')
#58 C:\\wamp\\www\\vendor\\symfony\\console\\Application.php(290): Illuminate\\Console\\Application->doRunCommand('class Illuminat...', 'class Symfony\\\\C...', 'class Symfony\\\\C...')
#59 C:\\wamp\\www\\vendor\\symfony\\console\\Application.php(166): Illuminate\\Console\\Application->doRun('class Symfony\\\\C...', 'class Symfony\\\\C...')
#60 C:\\wamp\\www\\vendor\\laravel\\framework\\src\\Illuminate\\Console\\Application.php(93): Illuminate\\Console\\Application->run('class Symfony\\\\C...', 'class Symfony\\\\C...')
#61 C:\\wamp\\www\\vendor\\laravel\\framework\\src\\Illuminate\\Console\\Application.php(185): Illuminate\\Console\\Application->run('class Symfony\\\\C...', 'class Symfony\\\\C...')
#62 C:\\wamp\\www\\vendor\\laravel\\framework\\src\\Illuminate\\Foundation\\Console\\Kernel.php(263): Illuminate\\Console\\Application->call(''migrate'', '['--seed' => TR...', 'NULL')
#63 C:\\wamp\\www\\vendor\\laravel\\framework\\src\\Illuminate\\Support\\Facades\\Facade.php(261): App\\Console\\Kernel->call(''migrate'', '['--seed' => TR...', '???')
#64 C:\\wamp\\www\\vendor\\mobidonia\\laravel-dashboard-installer\\src\\Controllers\\InstallDatabaseController.php(109): Illuminate\\Support\\Facades\\Facade::__callStatic(''call'', '[0 => 'migrate'...')
#65 C:\\wamp\\www\\vendor\\mobidonia\\laravel-dashboard-installer\\src\\Controllers\\InstallDatabaseController.php(109): Illuminate\\Support\\Facades\\Facade::call(''migrate'', '['--seed' => TR...')
#66 C:\\wamp\\www\\vendor\\laravel\\framework\\src\\Illuminate\\Routing\\Controller.php(54): dacoto\\LaravelInstaller\\Controllers\\InstallDatabaseController->runMigrations()
#67 C:\\wamp\\www\\vendor\\laravel\\framework\\src\\Illuminate\\Routing\\ControllerDispatcher.php(45): dacoto\\LaravelInstaller\\Controllers\\InstallDatabaseController->callAction(''runMigrations'', '[]')
#68 C:\\wamp\\www\\vendor\\laravel\\framework\\src\\Illuminate\\Routing\\Route.php(254): Illuminate\\Routing\\ControllerDispatcher->dispatch('class Illuminat...', 'class dacoto\\\\La...', ''runMigrations'')
#69 C:\\wamp\\www\\vendor\\laravel\\framework\\src\\Illuminate\\Routing\\Route.php(197): Illuminate\\Routing\\Route->runController()
#70 C:\\wamp\\www\\vendor\\laravel\\framework\\src\\Illuminate\\Routing\\Router.php(693): Illuminate\\Routing\\Route->run()
#71 C:\\wamp\\www\\vendor\\laravel\\framework\\src\\Illuminate\\Pipeline\\Pipeline.php(128): Illuminate\\Routing\\Router->Illuminate\\Routing\\{closure:C:\\wamp\\www\\vendor\\laravel\\framework\\src\\Illuminate\\Routing\\Router.php:691-695}('class Illuminat...')
#72 C:\\wamp\\www\\vendor\\mobidonia\\laravel-dashboard-installer\\src\\Middleware\\InstallerMiddleware.php(23): Illuminate\\Routing\\Pipeline->Illuminate\\Pipeline\\{closure:C:\\wamp\\www\\vendor\\laravel\\framework\\src\\Illuminate\\Pipeline\\Pipeline.php:126-132}('class Illuminat...')
#73 C:\\wamp\\www\\vendor\\laravel\\framework\\src\\Illuminate\\Pipeline\\Pipeline.php(167): dacoto\\LaravelInstaller\\Middleware\\InstallerMiddleware->handle('class Illuminat...', 'class Closure {...')
#74 C:\\wamp\\www\\vendor\\laravel\\framework\\src\\Illuminate\\Routing\\Middleware\\SubstituteBindings.php(50): Illuminate\\Routing\\Pipeline->Illuminate\\Pipeline\\{closure:C:\\wamp\\www\\vendor\\laravel\\framework\\src\\Illuminate\\Pipeline\\Pipeline.php:143-174}('class Illuminat...')
#75 C:\\wamp\\www\\vendor\\laravel\\framework\\src\\Illuminate\\Pipeline\\Pipeline.php(167): Illuminate\\Routing\\Middleware\\SubstituteBindings->handle('class Illuminat...', 'class Closure {...')
#76 C:\\wamp\\www\\vendor\\laravel\\framework\\src\\Illuminate\\Foundation\\Http\\Middleware\\VerifyCsrfToken.php(78): Illuminate\\Routing\\Pipeline->Illuminate\\Pipeline\\{closure:C:\\wamp\\www\\vendor\\laravel\\framework\\src\\Illuminate\\Pipeline\\Pipeline.php:143-174}('class Illuminat...')
#77 C:\\wamp\\www\\vendor\\laravel\\framework\\src\\Illuminate\\Pipeline\\Pipeline.php(167): App\\Http\\Middleware\\VerifyCsrfToken->handle('class Illuminat...', 'class Closure {...')
#78 C:\\wamp\\www\\vendor\\laravel\\framework\\src\\Illuminate\\View\\Middleware\\ShareErrorsFromSession.php(49): Illuminate\\Routing\\Pipeline->Illuminate\\Pipeline\\{closure:C:\\wamp\\www\\vendor\\laravel\\framework\\src\\Illuminate\\Pipeline\\Pipeline.php:143-174}('class Illuminat...')
#79 C:\\wamp\\www\\vendor\\laravel\\framework\\src\\Illuminate\\Pipeline\\Pipeline.php(167): Illuminate\\View\\Middleware\\ShareErrorsFromSession->handle('class Illuminat...', 'class Closure {...')
#80 C:\\wamp\\www\\app\\Http\\Middleware\\Language.php(31): Illuminate\\Routing\\Pipeline->Illuminate\\Pipeline\\{closure:C:\\wamp\\www\\vendor\\laravel\\framework\\src\\Illuminate\\Pipeline\\Pipeline.php:143-174}('class Illuminat...')
#81 C:\\wamp\\www\\vendor\\laravel\\framework\\src\\Illuminate\\Pipeline\\Pipeline.php(167): App\\Http\\Middleware\\Language->handle('class Illuminat...', 'class Closure {...')
#82 C:\\wamp\\www\\vendor\\laravel\\framework\\src\\Illuminate\\Session\\Middleware\\StartSession.php(121): Illuminate\\Routing\\Pipeline->Illuminate\\Pipeline\\{closure:C:\\wamp\\www\\vendor\\laravel\\framework\\src\\Illuminate\\Pipeline\\Pipeline.php:143-174}('class Illuminat...')
#83 C:\\wamp\\www\\vendor\\laravel\\framework\\src\\Illuminate\\Session\\Middleware\\StartSession.php(63): Illuminate\\Session\\Middleware\\StartSession->handleStatefulRequest('class Illuminat...', 'class Illuminat...', 'class Closure {...')
#84 C:\\wamp\\www\\vendor\\laravel\\framework\\src\\Illuminate\\Pipeline\\Pipeline.php(167): Illuminate\\Session\\Middleware\\StartSession->handle('class Illuminat...', 'class Closure {...')
#85 C:\\wamp\\www\\vendor\\laravel\\framework\\src\\Illuminate\\Cookie\\Middleware\\AddQueuedCookiesToResponse.php(37): Illuminate\\Routing\\Pipeline->Illuminate\\Pipeline\\{closure:C:\\wamp\\www\\vendor\\laravel\\framework\\src\\Illuminate\\Pipeline\\Pipeline.php:143-174}('class Illuminat...')
#86 C:\\wamp\\www\\vendor\\laravel\\framework\\src\\Illuminate\\Pipeline\\Pipeline.php(167): Illuminate\\Cookie\\Middleware\\AddQueuedCookiesToResponse->handle('class Illuminat...', 'class Closure {...')
#87 C:\\wamp\\www\\vendor\\laravel\\framework\\src\\Illuminate\\Cookie\\Middleware\\EncryptCookies.php(67): Illuminate\\Routing\\Pipeline->Illuminate\\Pipeline\\{closure:C:\\wamp\\www\\vendor\\laravel\\framework\\src\\Illuminate\\Pipeline\\Pipeline.php:143-174}('class Illuminat...')
#88 C:\\wamp\\www\\vendor\\laravel\\framework\\src\\Illuminate\\Pipeline\\Pipeline.php(167): App\\Http\\Middleware\\EncryptCookies->handle('class Illuminat...', 'class Closure {...')
#89 C:\\wamp\\www\\vendor\\mobidonia\\laravel-dashboard-installer\\src\\Middleware\\ToInstallMiddleware.php(23): Illuminate\\Routing\\Pipeline->Illuminate\\Pipeline\\{closure:C:\\wamp\\www\\vendor\\laravel\\framework\\src\\Illuminate\\Pipeline\\Pipeline.php:143-174}('class Illuminat...')
#90 C:\\wamp\\www\\vendor\\laravel\\framework\\src\\Illuminate\\Pipeline\\Pipeline.php(167): dacoto\\LaravelInstaller\\Middleware\\ToInstallMiddleware->handle('class Illuminat...', 'class Closure {...')
#91 C:\\wamp\\www\\vendor\\laravel\\framework\\src\\Illuminate\\Pipeline\\Pipeline.php(103): Illuminate\\Routing\\Pipeline->Illuminate\\Pipeline\\{closure:C:\\wamp\\www\\vendor\\laravel\\framework\\src\\Illuminate\\Pipeline\\Pipeline.php:143-174}('class Illuminat...')
#92 C:\\wamp\\www\\vendor\\laravel\\framework\\src\\Illuminate\\Routing\\Router.php(695): Illuminate\\Routing\\Pipeline->then('class Closure {...')
#93 C:\\wamp\\www\\vendor\\laravel\\framework\\src\\Illuminate\\Routing\\Router.php(670): Illuminate\\Routing\\Router->runRouteWithinStack('class Illuminat...', 'class Illuminat...')
#94 C:\\wamp\\www\\vendor\\laravel\\framework\\src\\Illuminate\\Routing\\Router.php(636): Illuminate\\Routing\\Router->runRoute('class Illuminat...', 'class Illuminat...')
#95 C:\\wamp\\www\\vendor\\laravel\\framework\\src\\Illuminate\\Routing\\Router.php(625): Illuminate\\Routing\\Router->dispatchToRoute('class Illuminat...')
#96 C:\\wamp\\www\\vendor\\laravel\\framework\\src\\Illuminate\\Foundation\\Http\\Kernel.php(166): Illuminate\\Routing\\Router->dispatch('class Illuminat...')
#97 C:\\wamp\\www\\vendor\\laravel\\framework\\src\\Illuminate\\Pipeline\\Pipeline.php(128): App\\Http\\Kernel->Illuminate\\Foundation\\Http\\{closure:C:\\wamp\\www\\vendor\\laravel\\framework\\src\\Illuminate\\Foundation\\Http\\Kernel.php:163-167}('class Illuminat...')
#98 C:\\wamp\\www\\vendor\\barryvdh\\laravel-debugbar\\src\\Middleware\\InjectDebugbar.php(67): Illuminate\\Routing\\Pipeline->Illuminate\\Pipeline\\{closure:C:\\wamp\\www\\vendor\\laravel\\framework\\src\\Illuminate\\Pipeline\\Pipeline.php:126-132}('class Illuminat...')
#99 C:\\wamp\\www\\vendor\\laravel\\framework\\src\\Illuminate\\Pipeline\\Pipeline.php(167): Barryvdh\\Debugbar\\Middleware\\InjectDebugbar->handle('class Illuminat...', 'class Closure {...')
#100 C:\\wamp\\www\\vendor\\laravel\\framework\\src\\Illuminate\\Foundation\\Http\\Middleware\\TransformsRequest.php(21): Illuminate\\Routing\\Pipeline->Illuminate\\Pipeline\\{closure:C:\\wamp\\www\\vendor\\laravel\\framework\\src\\Illuminate\\Pipeline\\Pipeline.php:143-174}('class Illuminat...')
#101 C:\\wamp\\www\\vendor\\laravel\\framework\\src\\Illuminate\\Pipeline\\Pipeline.php(167): Illuminate\\Foundation\\Http\\Middleware\\ConvertEmptyStringsToNull->handle('class Illuminat...', 'class Closure {...')
#102 C:\\wamp\\www\\vendor\\laravel\\framework\\src\\Illuminate\\Foundation\\Http\\Middleware\\TransformsRequest.php(21): Illuminate\\Routing\\Pipeline->Illuminate\\Pipeline\\{closure:C:\\wamp\\www\\vendor\\laravel\\framework\\src\\Illuminate\\Pipeline\\Pipeline.php:143-174}('class Illuminat...')
#103 C:\\wamp\\www\\vendor\\laravel\\framework\\src\\Illuminate\\Pipeline\\Pipeline.php(167): App\\Http\\Middleware\\TrimStrings->handle('class Illuminat...', 'class Closure {...')
#104 C:\\wamp\\www\\vendor\\laravel\\framework\\src\\Illuminate\\Foundation\\Http\\Middleware\\ValidatePostSize.php(27): Illuminate\\Routing\\Pipeline->Illuminate\\Pipeline\\{closure:C:\\wamp\\www\\vendor\\laravel\\framework\\src\\Illuminate\\Pipeline\\Pipeline.php:143-174}('class Illuminat...')
#105 C:\\wamp\\www\\vendor\\laravel\\framework\\src\\Illuminate\\Pipeline\\Pipeline.php(167): Illuminate\\Foundation\\Http\\Middleware\\ValidatePostSize->handle('class Illuminat...', 'class Closure {...')
#106 C:\\wamp\\www\\vendor\\laravel\\framework\\src\\Illuminate\\Foundation\\Http\\Middleware\\PreventRequestsDuringMaintenance.php(86): Illuminate\\Routing\\Pipeline->Illuminate\\Pipeline\\{closure:C:\\wamp\\www\\vendor\\laravel\\framework\\src\\Illuminate\\Pipeline\\Pipeline.php:143-174}('class Illuminat...')
#107 C:\\wamp\\www\\vendor\\laravel\\framework\\src\\Illuminate\\Pipeline\\Pipeline.php(167): App\\Http\\Middleware\\PreventRequestsDuringMaintenance->handle('class Illuminat...', 'class Closure {...')
#108 C:\\wamp\\www\\vendor\\fruitcake\\laravel-cors\\src\\HandleCors.php(37): Illuminate\\Routing\\Pipeline->Illuminate\\Pipeline\\{closure:C:\\wamp\\www\\vendor\\laravel\\framework\\src\\Illuminate\\Pipeline\\Pipeline.php:143-174}('class Illuminat...')
#109 C:\\wamp\\www\\vendor\\laravel\\framework\\src\\Illuminate\\Pipeline\\Pipeline.php(167): Fruitcake\\Cors\\HandleCors->handle('class Illuminat...', 'class Closure {...')
#110 C:\\wamp\\www\\vendor\\fideloper\\proxy\\src\\TrustProxies.php(57): Illuminate\\Routing\\Pipeline->Illuminate\\Pipeline\\{closure:C:\\wamp\\www\\vendor\\laravel\\framework\\src\\Illuminate\\Pipeline\\Pipeline.php:143-174}('class Illuminat...')
#111 C:\\wamp\\www\\vendor\\laravel\\framework\\src\\Illuminate\\Pipeline\\Pipeline.php(167): App\\Http\\Middleware\\TrustProxies->handle('class Illuminat...', 'class Closure {...')
#112 C:\\wamp\\www\\vendor\\laravel\\framework\\src\\Illuminate\\Pipeline\\Pipeline.php(103): Illuminate\\Routing\\Pipeline->Illuminate\\Pipeline\\{closure:C:\\wamp\\www\\vendor\\laravel\\framework\\src\\Illuminate\\Pipeline\\Pipeline.php:143-174}('class Illuminat...')
#113 C:\\wamp\\www\\vendor\\laravel\\framework\\src\\Illuminate\\Foundation\\Http\\Kernel.php(141): Illuminate\\Routing\\Pipeline->then('class Closure {...')
#114 C:\\wamp\\www\\vendor\\laravel\\framework\\src\\Illuminate\\Foundation\\Http\\Kernel.php(110): App\\Http\\Kernel->sendRequestThroughRouter('class Illuminat...')
#115 C:\\wamp\\www\\public\\index.php(52): App\\Http\\Kernel->handle('class Illuminat...')
#116 C:\\wamp\\www\\public\\index.php(0): {main}()
#117 {main}
"} 
[2022-06-03 10:49:11] local.ERROR: Maximum execution time of 120 seconds exceeded {"exception":"[object] (Symfony\\Component\\ErrorHandler\\Error\\FatalError(code: 0): Maximum execution time of 120 seconds exceeded at C:\\wamp\\www\\vendor\\barryvdh\\laravel-debugbar\\src\\DataCollector\\QueryCollector.php:412)
[stacktrace]
#0 C:\\wamp\\www\\vendor\\laravel\\framework\\src\\Illuminate\\Foundation\\Bootstrap\\HandleExceptions.php(143): Symfony\\Component\\ErrorHandler\\Error\\FatalError->__construct(''Maximum execut...', '0', '['type' => 1, '...', '0', '???', '???')
#1 C:\\wamp\\www\\vendor\\laravel\\framework\\src\\Illuminate\\Foundation\\Bootstrap\\HandleExceptions.php(130): Illuminate\\Foundation\\Bootstrap\\HandleExceptions->fatalErrorFromPhpError('['type' => 1, '...', '0')
#2 C:\\wamp\\www\\vendor\\laravel\\framework\\src\\Illuminate\\Foundation\\Bootstrap\\HandleExceptions.php(0): Illuminate\\Foundation\\Bootstrap\\HandleExceptions->handleShutdown()
#3 C:\\wamp\\www\\vendor\\barryvdh\\laravel-debugbar\\src\\DataCollector\\QueryCollector.php(312): Barryvdh\\Debugbar\\DataCollector\\QueryCollector->normalizeFilename(''C:\\\\\\\\wamp\\\\\\\\www\\\\...')
#4 C:\\wamp\\www\\vendor\\barryvdh\\laravel-debugbar\\src\\DataCollector\\QueryCollector.php(253): Barryvdh\\Debugbar\\DataCollector\\QueryCollector->parseTrace('22', '['file' => 'C:\\\\...')
#5 C:\\wamp\\www\\vendor\\barryvdh\\laravel-debugbar\\src\\DataCollector\\QueryCollector.php(162): Barryvdh\\Debugbar\\DataCollector\\QueryCollector->findSource()
#6 C:\\wamp\\www\\vendor\\barryvdh\\laravel-debugbar\\src\\LaravelDebugbar.php(366): Barryvdh\\Debugbar\\DataCollector\\QueryCollector->addQuery(''insert into `v...', '[0 => 23.99, 1 ...', '35.21', 'class Illuminat...')
#7 C:\\wamp\\www\\vendor\\laravel\\framework\\src\\Illuminate\\Events\\Dispatcher.php(392): Barryvdh\\Debugbar\\LaravelDebugbar->Barryvdh\\Debugbar\\{closure:C:\\wamp\\www\\vendor\\barryvdh\\laravel-debugbar\\src\\LaravelDebugbar.php:338-368}('class Illuminat...', '???', '???', '???')
#8 C:\\wamp\\www\\vendor\\laravel\\framework\\src\\Illuminate\\Events\\Dispatcher.php(237): Illuminate\\Events\\Dispatcher->Illuminate\\Events\\{closure:C:\\wamp\\www\\vendor\\laravel\\framework\\src\\Illuminate\\Events\\Dispatcher.php:387-393}(''Illuminate\\\\\\\\Da...', '[0 => class Ill...')
#9 C:\\wamp\\www\\vendor\\laravel\\framework\\src\\Illuminate\\Database\\Connection.php(842): Illuminate\\Events\\Dispatcher->dispatch('class Illuminat...', '???', '???')
#10 C:\\wamp\\www\\vendor\\laravel\\framework\\src\\Illuminate\\Database\\Connection.php(696): Illuminate\\Database\\MySqlConnection->event('class Illuminat...')
#11 C:\\wamp\\www\\vendor\\laravel\\framework\\src\\Illuminate\\Database\\Connection.php(649): Illuminate\\Database\\MySqlConnection->logQuery(''insert into `v...', '[0 => 23.99, 1 ...', '35.21')
#12 C:\\wamp\\www\\vendor\\laravel\\framework\\src\\Illuminate\\Database\\Connection.php(472): Illuminate\\Database\\MySqlConnection->run(''insert into `v...', '[0 => 23.99, 1 ...', 'class Closure {...')
#13 C:\\wamp\\www\\vendor\\laravel\\framework\\src\\Illuminate\\Database\\Connection.php(424): Illuminate\\Database\\MySqlConnection->statement(''insert into `v...', '[0 => 23.99, 1 ...')
#14 C:\\wamp\\www\\vendor\\laravel\\framework\\src\\Illuminate\\Database\\Query\\Processors\\Processor.php(32): Illuminate\\Database\\MySqlConnection->insert(''insert into `v...', '[0 => 23.99, 1 ...')
#15 C:\\wamp\\www\\vendor\\laravel\\framework\\src\\Illuminate\\Database\\Query\\Builder.php(2882): Illuminate\\Database\\Query\\Processors\\MySqlProcessor->processInsertGetId('class Illuminat...', ''insert into `v...', '[0 => 23.99, 1 ...', 'NULL')
#16 C:\\wamp\\www\\database\\seeders\\RestorantsTableSeeder.php(474): Illuminate\\Database\\Query\\Builder->insertGetId('['price' => 23....', '???')
#17 C:\\wamp\\www\\vendor\\laravel\\framework\\src\\Illuminate\\Container\\BoundMethod.php(36): Database\\Seeders\\RestorantsTableSeeder->run()
#18 C:\\wamp\\www\\vendor\\laravel\\framework\\src\\Illuminate\\Container\\Util.php(40): Illuminate\\Container\\BoundMethod::Illuminate\\Container\\{closure:C:\\wamp\\www\\vendor\\laravel\\framework\\src\\Illuminate\\Container\\BoundMethod.php:35-37}()
#19 C:\\wamp\\www\\vendor\\laravel\\framework\\src\\Illuminate\\Container\\BoundMethod.php(93): Illuminate\\Container\\Util::unwrapIfClosure('class Closure {...')
#20 C:\\wamp\\www\\vendor\\laravel\\framework\\src\\Illuminate\\Container\\BoundMethod.php(37): Illuminate\\Container\\BoundMethod::callBoundMethod('class Illuminat...', '[0 => class Dat...', 'class Closure {...')
#21 C:\\wamp\\www\\vendor\\laravel\\framework\\src\\Illuminate\\Container\\Container.php(610): Illuminate\\Container\\BoundMethod::call('class Illuminat...', '[0 => class Dat...', '[]', 'NULL')
#22 C:\\wamp\\www\\vendor\\laravel\\framework\\src\\Illuminate\\Database\\Seeder.php(149): Illuminate\\Foundation\\Application->call('[0 => class Dat...', '[]', '???')
#23 C:\\wamp\\www\\vendor\\laravel\\framework\\src\\Illuminate\\Database\\Seeder.php(49): Database\\Seeders\\RestorantsTableSeeder->__invoke('[]')
#24 C:\\wamp\\www\\database\\seeders\\DemoSeeder.php(40): Database\\Seeders\\DemoSeeder->call(''Database\\\\\\\\Seed...', '???', '???')
#25 C:\\wamp\\www\\vendor\\laravel\\framework\\src\\Illuminate\\Container\\BoundMethod.php(36): Database\\Seeders\\DemoSeeder->run()
#26 C:\\wamp\\www\\vendor\\laravel\\framework\\src\\Illuminate\\Container\\Util.php(40): Illuminate\\Container\\BoundMethod::Illuminate\\Container\\{closure:C:\\wamp\\www\\vendor\\laravel\\framework\\src\\Illuminate\\Container\\BoundMethod.php:35-37}()
#27 C:\\wamp\\www\\vendor\\laravel\\framework\\src\\Illuminate\\Container\\BoundMethod.php(93): Illuminate\\Container\\Util::unwrapIfClosure('class Closure {...')
#28 C:\\wamp\\www\\vendor\\laravel\\framework\\src\\Illuminate\\Container\\BoundMethod.php(37): Illuminate\\Container\\BoundMethod::callBoundMethod('class Illuminat...', '[0 => class Dat...', 'class Closure {...')
#29 C:\\wamp\\www\\vendor\\laravel\\framework\\src\\Illuminate\\Container\\Container.php(610): Illuminate\\Container\\BoundMethod::call('class Illuminat...', '[0 => class Dat...', '[]', 'NULL')
#30 C:\\wamp\\www\\vendor\\laravel\\framework\\src\\Illuminate\\Database\\Seeder.php(149): Illuminate\\Foundation\\Application->call('[0 => class Dat...', '[]', '???')
#31 C:\\wamp\\www\\vendor\\laravel\\framework\\src\\Illuminate\\Database\\Seeder.php(49): Database\\Seeders\\DemoSeeder->__invoke('[]')
#32 C:\\wamp\\www\\database\\seeders\\DatabaseSeeder.php(27): Database\\Seeders\\DatabaseSeeder->call(''Database\\\\\\\\Seed...', '???', '???')
#33 C:\\wamp\\www\\vendor\\laravel\\framework\\src\\Illuminate\\Container\\BoundMethod.php(36): Database\\Seeders\\DatabaseSeeder->run()
#34 C:\\wamp\\www\\vendor\\laravel\\framework\\src\\Illuminate\\Container\\Util.php(40): Illuminate\\Container\\BoundMethod::Illuminate\\Container\\{closure:C:\\wamp\\www\\vendor\\laravel\\framework\\src\\Illuminate\\Container\\BoundMethod.php:35-37}()
#35 C:\\wamp\\www\\vendor\\laravel\\framework\\src\\Illuminate\\Container\\BoundMethod.php(93): Illuminate\\Container\\Util::unwrapIfClosure('class Closure {...')
#36 C:\\wamp\\www\\vendor\\laravel\\framework\\src\\Illuminate\\Container\\BoundMethod.php(37): Illuminate\\Container\\BoundMethod::callBoundMethod('class Illuminat...', '[0 => class Dat...', 'class Closure {...')
#37 C:\\wamp\\www\\vendor\\laravel\\framework\\src\\Illuminate\\Container\\Container.php(610): Illuminate\\Container\\BoundMethod::call('class Illuminat...', '[0 => class Dat...', '[]', 'NULL')
#38 C:\\wamp\\www\\vendor\\laravel\\framework\\src\\Illuminate\\Database\\Seeder.php(149): Illuminate\\Foundation\\Application->call('[0 => class Dat...', '[]', '???')
#39 C:\\wamp\\www\\vendor\\laravel\\framework\\src\\Illuminate\\Database\\Console\\Seeds\\SeedCommand.php(65): Database\\Seeders\\DatabaseSeeder->__invoke('???')
#40 C:\\wamp\\www\\vendor\\laravel\\framework\\src\\Illuminate\\Database\\Eloquent\\Concerns\\GuardsAttributes.php(157): Illuminate\\Database\\Console\\Seeds\\SeedCommand->Illuminate\\Database\\Console\\Seeds\\{closure:C:\\wamp\\www\\vendor\\laravel\\framework\\src\\Illuminate\\Database\\Console\\Seeds\\SeedCommand.php:64-66}()
#41 C:\\wamp\\www\\vendor\\laravel\\framework\\src\\Illuminate\\Database\\Console\\Seeds\\SeedCommand.php(66): Illuminate\\Database\\Eloquent\\Model::unguarded('class Closure {...')
#42 C:\\wamp\\www\\vendor\\laravel\\framework\\src\\Illuminate\\Container\\BoundMethod.php(36): Illuminate\\Database\\Console\\Seeds\\SeedCommand->handle()
#43 C:\\wamp\\www\\vendor\\laravel\\framework\\src\\Illuminate\\Container\\Util.php(40): Illuminate\\Container\\BoundMethod::Illuminate\\Container\\{closure:C:\\wamp\\www\\vendor\\laravel\\framework\\src\\Illuminate\\Container\\BoundMethod.php:35-37}()
#44 C:\\wamp\\www\\vendor\\laravel\\framework\\src\\Illuminate\\Container\\BoundMethod.php(93): Illuminate\\Container\\Util::unwrapIfClosure('class Closure {...')
#45 C:\\wamp\\www\\vendor\\laravel\\framework\\src\\Illuminate\\Container\\BoundMethod.php(37): Illuminate\\Container\\BoundMethod::callBoundMethod('class Illuminat...', '[0 => class Ill...', 'class Closure {...')
#46 C:\\wamp\\www\\vendor\\laravel\\framework\\src\\Illuminate\\Container\\Container.php(610): Illuminate\\Container\\BoundMethod::call('class Illuminat...', '[0 => class Ill...', '[]', 'NULL')
#47 C:\\wamp\\www\\vendor\\laravel\\framework\\src\\Illuminate\\Console\\Command.php(136): Illuminate\\Foundation\\Application->call('[0 => class Ill...', '???', '???')
#48 C:\\wamp\\www\\vendor\\symfony\\console\\Command\\Command.php(256): Illuminate\\Database\\Console\\Seeds\\SeedCommand->execute('class Symfony\\\\C...', 'class Illuminat...')
#49 C:\\wamp\\www\\vendor\\laravel\\framework\\src\\Illuminate\\Console\\Command.php(121): Illuminate\\Database\\Console\\Seeds\\SeedCommand->run('class Symfony\\\\C...', 'class Illuminat...')
#50 C:\\wamp\\www\\vendor\\laravel\\framework\\src\\Illuminate\\Console\\Concerns\\CallsCommands.php(68): Illuminate\\Database\\Console\\Seeds\\SeedCommand->run('class Symfony\\\\C...', 'class Illuminat...')
#51 C:\\wamp\\www\\vendor\\laravel\\framework\\src\\Illuminate\\Console\\Concerns\\CallsCommands.php(28): Illuminate\\Database\\Console\\Migrations\\MigrateCommand->runCommand(''db:seed'', '['--force' => T...', 'class Illuminat...')
#52 C:\\wamp\\www\\vendor\\laravel\\framework\\src\\Illuminate\\Database\\Console\\Migrations\\MigrateCommand.php(92): Illuminate\\Database\\Console\\Migrations\\MigrateCommand->call(''db:seed'', '['--force' => T...')
#53 C:\\wamp\\www\\vendor\\laravel\\framework\\src\\Illuminate\\Database\\Migrations\\Migrator.php(541): Illuminate\\Database\\Console\\Migrations\\MigrateCommand->Illuminate\\Database\\Console\\Migrations\\{closure:C:\\wamp\\www\\vendor\\laravel\\framework\\src\\Illuminate\\Database\\Console\\Migrations\\MigrateCommand.php:76-94}()
#54 C:\\wamp\\www\\vendor\\laravel\\framework\\src\\Illuminate\\Database\\Console\\Migrations\\MigrateCommand.php(94): Illuminate\\Database\\Migrations\\Migrator->usingConnection('NULL', 'class Closure {...')
#55 C:\\wamp\\www\\vendor\\laravel\\framework\\src\\Illuminate\\Container\\BoundMethod.php(36): Illuminate\\Database\\Console\\Migrations\\MigrateCommand->handle()
#56 C:\\wamp\\www\\vendor\\laravel\\framework\\src\\Illuminate\\Container\\Util.php(40): Illuminate\\Container\\BoundMethod::Illuminate\\Container\\{closure:C:\\wamp\\www\\vendor\\laravel\\framework\\src\\Illuminate\\Container\\BoundMethod.php:35-37}()
#57 C:\\wamp\\www\\vendor\\laravel\\framework\\src\\Illuminate\\Container\\BoundMethod.php(93): Illuminate\\Container\\Util::unwrapIfClosure('class Closure {...')
#58 C:\\wamp\\www\\vendor\\laravel\\framework\\src\\Illuminate\\Container\\BoundMethod.php(37): Illuminate\\Container\\BoundMethod::callBoundMethod('class Illuminat...', '[0 => class Ill...', 'class Closure {...')
#59 C:\\wamp\\www\\vendor\\laravel\\framework\\src\\Illuminate\\Container\\Container.php(610): Illuminate\\Container\\BoundMethod::call('class Illuminat...', '[0 => class Ill...', '[]', 'NULL')
#60 C:\\wamp\\www\\vendor\\laravel\\framework\\src\\Illuminate\\Console\\Command.php(136): Illuminate\\Foundation\\Application->call('[0 => class Ill...', '???', '???')
#61 C:\\wamp\\www\\vendor\\symfony\\console\\Command\\Command.php(256): Illuminate\\Database\\Console\\Migrations\\MigrateCommand->execute('class Symfony\\\\C...', 'class Illuminat...')
#62 C:\\wamp\\www\\vendor\\laravel\\framework\\src\\Illuminate\\Console\\Command.php(121): Illuminate\\Database\\Console\\Migrations\\MigrateCommand->run('class Symfony\\\\C...', 'class Illuminat...')
#63 C:\\wamp\\www\\vendor\\symfony\\console\\Application.php(971): Illuminate\\Database\\Console\\Migrations\\MigrateCommand->run('class Symfony\\\\C...', 'class Symfony\\\\C...')
#64 C:\\wamp\\www\\vendor\\symfony\\console\\Application.php(290): Illuminate\\Console\\Application->doRunCommand('class Illuminat...', 'class Symfony\\\\C...', 'class Symfony\\\\C...')
#65 C:\\wamp\\www\\vendor\\symfony\\console\\Application.php(166): Illuminate\\Console\\Application->doRun('class Symfony\\\\C...', 'class Symfony\\\\C...')
#66 C:\\wamp\\www\\vendor\\laravel\\framework\\src\\Illuminate\\Console\\Application.php(93): Illuminate\\Console\\Application->run('class Symfony\\\\C...', 'class Symfony\\\\C...')
#67 C:\\wamp\\www\\vendor\\laravel\\framework\\src\\Illuminate\\Console\\Application.php(185): Illuminate\\Console\\Application->run('class Symfony\\\\C...', 'class Symfony\\\\C...')
#68 C:\\wamp\\www\\vendor\\laravel\\framework\\src\\Illuminate\\Foundation\\Console\\Kernel.php(263): Illuminate\\Console\\Application->call(''migrate'', '['--seed' => TR...', 'NULL')
#69 C:\\wamp\\www\\vendor\\laravel\\framework\\src\\Illuminate\\Support\\Facades\\Facade.php(261): App\\Console\\Kernel->call(''migrate'', '['--seed' => TR...', '???')
#70 C:\\wamp\\www\\vendor\\mobidonia\\laravel-dashboard-installer\\src\\Controllers\\InstallDatabaseController.php(109): Illuminate\\Support\\Facades\\Facade::__callStatic(''call'', '[0 => 'migrate'...')
#71 C:\\wamp\\www\\vendor\\mobidonia\\laravel-dashboard-installer\\src\\Controllers\\InstallDatabaseController.php(109): Illuminate\\Support\\Facades\\Facade::call(''migrate'', '['--seed' => TR...')
#72 C:\\wamp\\www\\vendor\\laravel\\framework\\src\\Illuminate\\Routing\\Controller.php(54): dacoto\\LaravelInstaller\\Controllers\\InstallDatabaseController->runMigrations()
#73 C:\\wamp\\www\\vendor\\laravel\\framework\\src\\Illuminate\\Routing\\ControllerDispatcher.php(45): dacoto\\LaravelInstaller\\Controllers\\InstallDatabaseController->callAction(''runMigrations'', '[]')
#74 C:\\wamp\\www\\vendor\\laravel\\framework\\src\\Illuminate\\Routing\\Route.php(254): Illuminate\\Routing\\ControllerDispatcher->dispatch('class Illuminat...', 'class dacoto\\\\La...', ''runMigrations'')
#75 C:\\wamp\\www\\vendor\\laravel\\framework\\src\\Illuminate\\Routing\\Route.php(197): Illuminate\\Routing\\Route->runController()
#76 C:\\wamp\\www\\vendor\\laravel\\framework\\src\\Illuminate\\Routing\\Router.php(693): Illuminate\\Routing\\Route->run()
#77 C:\\wamp\\www\\vendor\\laravel\\framework\\src\\Illuminate\\Pipeline\\Pipeline.php(128): Illuminate\\Routing\\Router->Illuminate\\Routing\\{closure:C:\\wamp\\www\\vendor\\laravel\\framework\\src\\Illuminate\\Routing\\Router.php:691-695}('class Illuminat...')
#78 C:\\wamp\\www\\vendor\\mobidonia\\laravel-dashboard-installer\\src\\Middleware\\InstallerMiddleware.php(23): Illuminate\\Routing\\Pipeline->Illuminate\\Pipeline\\{closure:C:\\wamp\\www\\vendor\\laravel\\framework\\src\\Illuminate\\Pipeline\\Pipeline.php:126-132}('class Illuminat...')
#79 C:\\wamp\\www\\vendor\\laravel\\framework\\src\\Illuminate\\Pipeline\\Pipeline.php(167): dacoto\\LaravelInstaller\\Middleware\\InstallerMiddleware->handle('class Illuminat...', 'class Closure {...')
#80 C:\\wamp\\www\\vendor\\laravel\\framework\\src\\Illuminate\\Routing\\Middleware\\SubstituteBindings.php(50): Illuminate\\Routing\\Pipeline->Illuminate\\Pipeline\\{closure:C:\\wamp\\www\\vendor\\laravel\\framework\\src\\Illuminate\\Pipeline\\Pipeline.php:143-174}('class Illuminat...')
#81 C:\\wamp\\www\\vendor\\laravel\\framework\\src\\Illuminate\\Pipeline\\Pipeline.php(167): Illuminate\\Routing\\Middleware\\SubstituteBindings->handle('class Illuminat...', 'class Closure {...')
#82 C:\\wamp\\www\\vendor\\laravel\\framework\\src\\Illuminate\\Foundation\\Http\\Middleware\\VerifyCsrfToken.php(78): Illuminate\\Routing\\Pipeline->Illuminate\\Pipeline\\{closure:C:\\wamp\\www\\vendor\\laravel\\framework\\src\\Illuminate\\Pipeline\\Pipeline.php:143-174}('class Illuminat...')
#83 C:\\wamp\\www\\vendor\\laravel\\framework\\src\\Illuminate\\Pipeline\\Pipeline.php(167): App\\Http\\Middleware\\VerifyCsrfToken->handle('class Illuminat...', 'class Closure {...')
#84 C:\\wamp\\www\\vendor\\laravel\\framework\\src\\Illuminate\\View\\Middleware\\ShareErrorsFromSession.php(49): Illuminate\\Routing\\Pipeline->Illuminate\\Pipeline\\{closure:C:\\wamp\\www\\vendor\\laravel\\framework\\src\\Illuminate\\Pipeline\\Pipeline.php:143-174}('class Illuminat...')
#85 C:\\wamp\\www\\vendor\\laravel\\framework\\src\\Illuminate\\Pipeline\\Pipeline.php(167): Illuminate\\View\\Middleware\\ShareErrorsFromSession->handle('class Illuminat...', 'class Closure {...')
#86 C:\\wamp\\www\\app\\Http\\Middleware\\Language.php(31): Illuminate\\Routing\\Pipeline->Illuminate\\Pipeline\\{closure:C:\\wamp\\www\\vendor\\laravel\\framework\\src\\Illuminate\\Pipeline\\Pipeline.php:143-174}('class Illuminat...')
#87 C:\\wamp\\www\\vendor\\laravel\\framework\\src\\Illuminate\\Pipeline\\Pipeline.php(167): App\\Http\\Middleware\\Language->handle('class Illuminat...', 'class Closure {...')
#88 C:\\wamp\\www\\vendor\\laravel\\framework\\src\\Illuminate\\Session\\Middleware\\StartSession.php(121): Illuminate\\Routing\\Pipeline->Illuminate\\Pipeline\\{closure:C:\\wamp\\www\\vendor\\laravel\\framework\\src\\Illuminate\\Pipeline\\Pipeline.php:143-174}('class Illuminat...')
#89 C:\\wamp\\www\\vendor\\laravel\\framework\\src\\Illuminate\\Session\\Middleware\\StartSession.php(63): Illuminate\\Session\\Middleware\\StartSession->handleStatefulRequest('class Illuminat...', 'class Illuminat...', 'class Closure {...')
#90 C:\\wamp\\www\\vendor\\laravel\\framework\\src\\Illuminate\\Pipeline\\Pipeline.php(167): Illuminate\\Session\\Middleware\\StartSession->handle('class Illuminat...', 'class Closure {...')
#91 C:\\wamp\\www\\vendor\\laravel\\framework\\src\\Illuminate\\Cookie\\Middleware\\AddQueuedCookiesToResponse.php(37): Illuminate\\Routing\\Pipeline->Illuminate\\Pipeline\\{closure:C:\\wamp\\www\\vendor\\laravel\\framework\\src\\Illuminate\\Pipeline\\Pipeline.php:143-174}('class Illuminat...')
#92 C:\\wamp\\www\\vendor\\laravel\\framework\\src\\Illuminate\\Pipeline\\Pipeline.php(167): Illuminate\\Cookie\\Middleware\\AddQueuedCookiesToResponse->handle('class Illuminat...', 'class Closure {...')
#93 C:\\wamp\\www\\vendor\\laravel\\framework\\src\\Illuminate\\Cookie\\Middleware\\EncryptCookies.php(67): Illuminate\\Routing\\Pipeline->Illuminate\\Pipeline\\{closure:C:\\wamp\\www\\vendor\\laravel\\framework\\src\\Illuminate\\Pipeline\\Pipeline.php:143-174}('class Illuminat...')
#94 C:\\wamp\\www\\vendor\\laravel\\framework\\src\\Illuminate\\Pipeline\\Pipeline.php(167): App\\Http\\Middleware\\EncryptCookies->handle('class Illuminat...', 'class Closure {...')
#95 C:\\wamp\\www\\vendor\\mobidonia\\laravel-dashboard-installer\\src\\Middleware\\ToInstallMiddleware.php(23): Illuminate\\Routing\\Pipeline->Illuminate\\Pipeline\\{closure:C:\\wamp\\www\\vendor\\laravel\\framework\\src\\Illuminate\\Pipeline\\Pipeline.php:143-174}('class Illuminat...')
#96 C:\\wamp\\www\\vendor\\laravel\\framework\\src\\Illuminate\\Pipeline\\Pipeline.php(167): dacoto\\LaravelInstaller\\Middleware\\ToInstallMiddleware->handle('class Illuminat...', 'class Closure {...')
#97 C:\\wamp\\www\\vendor\\laravel\\framework\\src\\Illuminate\\Pipeline\\Pipeline.php(103): Illuminate\\Routing\\Pipeline->Illuminate\\Pipeline\\{closure:C:\\wamp\\www\\vendor\\laravel\\framework\\src\\Illuminate\\Pipeline\\Pipeline.php:143-174}('class Illuminat...')
#98 C:\\wamp\\www\\vendor\\laravel\\framework\\src\\Illuminate\\Routing\\Router.php(695): Illuminate\\Routing\\Pipeline->then('class Closure {...')
#99 C:\\wamp\\www\\vendor\\laravel\\framework\\src\\Illuminate\\Routing\\Router.php(670): Illuminate\\Routing\\Router->runRouteWithinStack('class Illuminat...', 'class Illuminat...')
#100 C:\\wamp\\www\\vendor\\laravel\\framework\\src\\Illuminate\\Routing\\Router.php(636): Illuminate\\Routing\\Router->runRoute('class Illuminat...', 'class Illuminat...')
#101 C:\\wamp\\www\\vendor\\laravel\\framework\\src\\Illuminate\\Routing\\Router.php(625): Illuminate\\Routing\\Router->dispatchToRoute('class Illuminat...')
#102 C:\\wamp\\www\\vendor\\laravel\\framework\\src\\Illuminate\\Foundation\\Http\\Kernel.php(166): Illuminate\\Routing\\Router->dispatch('class Illuminat...')
#103 C:\\wamp\\www\\vendor\\laravel\\framework\\src\\Illuminate\\Pipeline\\Pipeline.php(128): App\\Http\\Kernel->Illuminate\\Foundation\\Http\\{closure:C:\\wamp\\www\\vendor\\laravel\\framework\\src\\Illuminate\\Foundation\\Http\\Kernel.php:163-167}('class Illuminat...')
#104 C:\\wamp\\www\\vendor\\barryvdh\\laravel-debugbar\\src\\Middleware\\InjectDebugbar.php(67): Illuminate\\Routing\\Pipeline->Illuminate\\Pipeline\\{closure:C:\\wamp\\www\\vendor\\laravel\\framework\\src\\Illuminate\\Pipeline\\Pipeline.php:126-132}('class Illuminat...')
#105 C:\\wamp\\www\\vendor\\laravel\\framework\\src\\Illuminate\\Pipeline\\Pipeline.php(167): Barryvdh\\Debugbar\\Middleware\\InjectDebugbar->handle('class Illuminat...', 'class Closure {...')
#106 C:\\wamp\\www\\vendor\\laravel\\framework\\src\\Illuminate\\Foundation\\Http\\Middleware\\TransformsRequest.php(21): Illuminate\\Routing\\Pipeline->Illuminate\\Pipeline\\{closure:C:\\wamp\\www\\vendor\\laravel\\framework\\src\\Illuminate\\Pipeline\\Pipeline.php:143-174}('class Illuminat...')
#107 C:\\wamp\\www\\vendor\\laravel\\framework\\src\\Illuminate\\Pipeline\\Pipeline.php(167): Illuminate\\Foundation\\Http\\Middleware\\ConvertEmptyStringsToNull->handle('class Illuminat...', 'class Closure {...')
#108 C:\\wamp\\www\\vendor\\laravel\\framework\\src\\Illuminate\\Foundation\\Http\\Middleware\\TransformsRequest.php(21): Illuminate\\Routing\\Pipeline->Illuminate\\Pipeline\\{closure:C:\\wamp\\www\\vendor\\laravel\\framework\\src\\Illuminate\\Pipeline\\Pipeline.php:143-174}('class Illuminat...')
#109 C:\\wamp\\www\\vendor\\laravel\\framework\\src\\Illuminate\\Pipeline\\Pipeline.php(167): App\\Http\\Middleware\\TrimStrings->handle('class Illuminat...', 'class Closure {...')
#110 C:\\wamp\\www\\vendor\\laravel\\framework\\src\\Illuminate\\Foundation\\Http\\Middleware\\ValidatePostSize.php(27): Illuminate\\Routing\\Pipeline->Illuminate\\Pipeline\\{closure:C:\\wamp\\www\\vendor\\laravel\\framework\\src\\Illuminate\\Pipeline\\Pipeline.php:143-174}('class Illuminat...')
#111 C:\\wamp\\www\\vendor\\laravel\\framework\\src\\Illuminate\\Pipeline\\Pipeline.php(167): Illuminate\\Foundation\\Http\\Middleware\\ValidatePostSize->handle('class Illuminat...', 'class Closure {...')
#112 C:\\wamp\\www\\vendor\\laravel\\framework\\src\\Illuminate\\Foundation\\Http\\Middleware\\PreventRequestsDuringMaintenance.php(86): Illuminate\\Routing\\Pipeline->Illuminate\\Pipeline\\{closure:C:\\wamp\\www\\vendor\\laravel\\framework\\src\\Illuminate\\Pipeline\\Pipeline.php:143-174}('class Illuminat...')
#113 C:\\wamp\\www\\vendor\\laravel\\framework\\src\\Illuminate\\Pipeline\\Pipeline.php(167): App\\Http\\Middleware\\PreventRequestsDuringMaintenance->handle('class Illuminat...', 'class Closure {...')
#114 C:\\wamp\\www\\vendor\\fruitcake\\laravel-cors\\src\\HandleCors.php(37): Illuminate\\Routing\\Pipeline->Illuminate\\Pipeline\\{closure:C:\\wamp\\www\\vendor\\laravel\\framework\\src\\Illuminate\\Pipeline\\Pipeline.php:143-174}('class Illuminat...')
#115 C:\\wamp\\www\\vendor\\laravel\\framework\\src\\Illuminate\\Pipeline\\Pipeline.php(167): Fruitcake\\Cors\\HandleCors->handle('class Illuminat...', 'class Closure {...')
#116 C:\\wamp\\www\\vendor\\fideloper\\proxy\\src\\TrustProxies.php(57): Illuminate\\Routing\\Pipeline->Illuminate\\Pipeline\\{closure:C:\\wamp\\www\\vendor\\laravel\\framework\\src\\Illuminate\\Pipeline\\Pipeline.php:143-174}('class Illuminat...')
#117 C:\\wamp\\www\\vendor\\laravel\\framework\\src\\Illuminate\\Pipeline\\Pipeline.php(167): App\\Http\\Middleware\\TrustProxies->handle('class Illuminat...', 'class Closure {...')
#118 C:\\wamp\\www\\vendor\\laravel\\framework\\src\\Illuminate\\Pipeline\\Pipeline.php(103): Illuminate\\Routing\\Pipeline->Illuminate\\Pipeline\\{closure:C:\\wamp\\www\\vendor\\laravel\\framework\\src\\Illuminate\\Pipeline\\Pipeline.php:143-174}('class Illuminat...')
#119 C:\\wamp\\www\\vendor\\laravel\\framework\\src\\Illuminate\\Foundation\\Http\\Kernel.php(141): Illuminate\\Routing\\Pipeline->then('class Closure {...')
#120 C:\\wamp\\www\\vendor\\laravel\\framework\\src\\Illuminate\\Foundation\\Http\\Kernel.php(110): App\\Http\\Kernel->sendRequestThroughRouter('class Illuminat...')
#121 C:\\wamp\\www\\public\\index.php(52): App\\Http\\Kernel->handle('class Illuminat...')
#122 C:\\wamp\\www\\public\\index.php(0): {main}()
#123 {main}
"} 
